<?xml version="1.0" encoding="UTF-8"?>
<robot generator="Robot 3.1.2 (Python 3.8.0 on win32)" generated="20200403 08:02:47.488" rpa="false">
<suite id="s1" name="S2" source="D:\PyCharm\RF\day4\s2.robot">
<kw name="websetup" library="rc" type="setup">
<kw name="Open Browser" library="SeleniumLibrary">
<doc>Opens a new browser instance to the optional ``url``.</doc>
<arguments>
<arg>http://localhost</arg>
<arg>chrome</arg>
</arguments>
<msg timestamp="20200403 08:02:47.603" level="INFO">Opening browser 'chrome' to base url 'http://localhost'.</msg>
<status status="PASS" starttime="20200403 08:02:47.603" endtime="20200403 08:02:53.016"></status>
</kw>
<kw name="Set Selenium Implicit Wait" library="SeleniumLibrary">
<doc>Sets the implicit wait value used by Selenium.</doc>
<arguments>
<arg>10</arg>
</arguments>
<status status="PASS" starttime="20200403 08:02:53.016" endtime="20200403 08:02:53.018"></status>
</kw>
<status status="PASS" starttime="20200403 08:02:47.603" endtime="20200403 08:02:53.018"></status>
</kw>
<test id="s1-t1" name="测试1">
<kw name="deleteAllCourse" library="rc" type="setup">
<kw name="loginwebsite" library="rc">
<kw name="Go To" library="SeleniumLibrary">
<doc>Navigates the current browser window to the provided ``url``.</doc>
<arguments>
<arg>${url}</arg>
</arguments>
<msg timestamp="20200403 08:02:53.020" level="INFO">Opening url 'http://localhost/mgr/login/login.html'</msg>
<status status="PASS" starttime="20200403 08:02:53.020" endtime="20200403 08:02:53.446"></status>
</kw>
<kw name="Input Text" library="SeleniumLibrary">
<doc>Types the given ``text`` into the text field identified by ``locator``.</doc>
<arguments>
<arg>id=username</arg>
<arg>&amp;{user1}[username]</arg>
</arguments>
<msg timestamp="20200403 08:02:53.447" level="INFO">Typing text 'auto' into text field 'id=username'.</msg>
<status status="PASS" starttime="20200403 08:02:53.447" endtime="20200403 08:02:53.522"></status>
</kw>
<kw name="Input Text" library="SeleniumLibrary">
<doc>Types the given ``text`` into the text field identified by ``locator``.</doc>
<arguments>
<arg>id=password</arg>
<arg>&amp;{user1}[pw]</arg>
</arguments>
<msg timestamp="20200403 08:02:53.522" level="INFO">Typing text 'sdfsdfsdf' into text field 'id=password'.</msg>
<status status="PASS" starttime="20200403 08:02:53.522" endtime="20200403 08:02:53.588"></status>
</kw>
<kw name="Click Element" library="SeleniumLibrary">
<doc>Click the element identified by ``locator``.</doc>
<arguments>
<arg>tag=button</arg>
</arguments>
<msg timestamp="20200403 08:02:53.588" level="INFO">Clicking element 'tag=button'.</msg>
<status status="PASS" starttime="20200403 08:02:53.588" endtime="20200403 08:02:53.622"></status>
</kw>
<status status="PASS" starttime="20200403 08:02:53.019" endtime="20200403 08:02:53.622"></status>
</kw>
<kw name="Set Selenium Implicit Wait" library="SeleniumLibrary">
<doc>Sets the implicit wait value used by Selenium.</doc>
<arguments>
<arg>1</arg>
</arguments>
<status status="PASS" starttime="20200403 08:02:53.622" endtime="20200403 08:02:53.623"></status>
</kw>
<kw name="${i} IN RANGE [ 9999 ]" type="for">
<kw name="${i} = 0" type="foritem">
<kw name="Get WebElements" library="SeleniumLibrary">
<doc>Returns a list of WebElement objects matching the ``locator``.</doc>
<arguments>
<arg>css=[ng-click="delOne(one)"]</arg>
</arguments>
<assign>
<var>${del_btns}</var>
</assign>
<msg timestamp="20200403 08:02:54.640" level="INFO">${del_btns} = []</msg>
<status status="PASS" starttime="20200403 08:02:53.623" endtime="20200403 08:02:54.640"></status>
</kw>
<kw name="Exit For Loop If" library="BuiltIn">
<doc>Stops executing the enclosing for loop if the ``condition`` is true.</doc>
<arguments>
<arg>$del_btns == []</arg>
</arguments>
<msg timestamp="20200403 08:02:54.644" level="INFO">Exiting for loop altogether.</msg>
<status status="PASS" starttime="20200403 08:02:54.640" endtime="20200403 08:02:54.644"></status>
</kw>
<status status="PASS" starttime="20200403 08:02:53.623" endtime="20200403 08:02:54.644"></status>
</kw>
<status status="PASS" starttime="20200403 08:02:53.623" endtime="20200403 08:02:54.644"></status>
</kw>
<status status="PASS" starttime="20200403 08:02:53.019" endtime="20200403 08:02:54.644"></status>
</kw>
<kw name="loginwebsite" library="rc">
<kw name="Go To" library="SeleniumLibrary">
<doc>Navigates the current browser window to the provided ``url``.</doc>
<arguments>
<arg>${url}</arg>
</arguments>
<msg timestamp="20200403 08:02:54.645" level="INFO">Opening url 'http://localhost/mgr/login/login.html'</msg>
<status status="PASS" starttime="20200403 08:02:54.644" endtime="20200403 08:02:54.675"></status>
</kw>
<kw name="Input Text" library="SeleniumLibrary">
<doc>Types the given ``text`` into the text field identified by ``locator``.</doc>
<arguments>
<arg>id=username</arg>
<arg>&amp;{user1}[username]</arg>
</arguments>
<msg timestamp="20200403 08:02:54.675" level="INFO">Typing text 'auto' into text field 'id=username'.</msg>
<status status="PASS" starttime="20200403 08:02:54.675" endtime="20200403 08:02:54.731"></status>
</kw>
<kw name="Input Text" library="SeleniumLibrary">
<doc>Types the given ``text`` into the text field identified by ``locator``.</doc>
<arguments>
<arg>id=password</arg>
<arg>&amp;{user1}[pw]</arg>
</arguments>
<msg timestamp="20200403 08:02:54.731" level="INFO">Typing text 'sdfsdfsdf' into text field 'id=password'.</msg>
<status status="PASS" starttime="20200403 08:02:54.731" endtime="20200403 08:02:54.789"></status>
</kw>
<kw name="Click Element" library="SeleniumLibrary">
<doc>Click the element identified by ``locator``.</doc>
<arguments>
<arg>tag=button</arg>
</arguments>
<msg timestamp="20200403 08:02:54.790" level="INFO">Clicking element 'tag=button'.</msg>
<status status="PASS" starttime="20200403 08:02:54.789" endtime="20200403 08:02:54.819"></status>
</kw>
<status status="PASS" starttime="20200403 08:02:54.644" endtime="20200403 08:02:54.819"></status>
</kw>
<kw name="addCourse" library="rc">
<arguments>
<arg>robot</arg>
<arg>自动化框架课程</arg>
<arg>1</arg>
</arguments>
<kw name="Click Element" library="SeleniumLibrary">
<doc>Click the element identified by ``locator``.</doc>
<arguments>
<arg>css=button[ng-click="showAddOne=true"]</arg>
</arguments>
<msg timestamp="20200403 08:02:54.820" level="INFO">Clicking element 'css=button[ng-click="showAddOne=true"]'.</msg>
<status status="PASS" starttime="20200403 08:02:54.820" endtime="20200403 08:02:54.975"></status>
</kw>
<kw name="Input Text" library="SeleniumLibrary">
<doc>Types the given ``text`` into the text field identified by ``locator``.</doc>
<arguments>
<arg>css=input[ng-model='addData.name']</arg>
<arg>${name}</arg>
</arguments>
<msg timestamp="20200403 08:02:54.976" level="INFO">Typing text 'robot' into text field 'css=input[ng-model='addData.name']'.</msg>
<status status="PASS" starttime="20200403 08:02:54.976" endtime="20200403 08:02:55.042"></status>
</kw>
<kw name="Input Text" library="SeleniumLibrary">
<doc>Types the given ``text`` into the text field identified by ``locator``.</doc>
<arguments>
<arg>css=textarea[ng-model="addData.desc"]</arg>
<arg>${desc}</arg>
</arguments>
<msg timestamp="20200403 08:02:55.042" level="INFO">Typing text '自动化框架课程' into text field 'css=textarea[ng-model="addData.desc"]'.</msg>
<status status="PASS" starttime="20200403 08:02:55.042" endtime="20200403 08:02:55.099"></status>
</kw>
<kw name="Input Text" library="SeleniumLibrary">
<doc>Types the given ``text`` into the text field identified by ``locator``.</doc>
<arguments>
<arg>css=input[ng-model="addData.display_idx"]</arg>
<arg>${idx}</arg>
</arguments>
<msg timestamp="20200403 08:02:55.099" level="INFO">Typing text '1' into text field 'css=input[ng-model="addData.display_idx"]'.</msg>
<status status="PASS" starttime="20200403 08:02:55.099" endtime="20200403 08:02:55.144"></status>
</kw>
<kw name="Click Element" library="SeleniumLibrary">
<doc>Click the element identified by ``locator``.</doc>
<arguments>
<arg>css=button[ng-click="addOne()"]</arg>
</arguments>
<msg timestamp="20200403 08:02:55.144" level="INFO">Clicking element 'css=button[ng-click="addOne()"]'.</msg>
<status status="PASS" starttime="20200403 08:02:55.144" endtime="20200403 08:02:55.186"></status>
</kw>
<kw name="Sleep" library="BuiltIn">
<doc>Pauses the test executed for the given time.</doc>
<arguments>
<arg>1</arg>
</arguments>
<msg timestamp="20200403 08:02:56.187" level="INFO">Slept 1 second</msg>
<status status="PASS" starttime="20200403 08:02:55.186" endtime="20200403 08:02:56.187"></status>
</kw>
<status status="PASS" starttime="20200403 08:02:54.820" endtime="20200403 08:02:56.187"></status>
</kw>
<kw name="checkCourse" library="rc">
<arguments>
<arg>robot</arg>
</arguments>
<kw name="Get WebElements" library="SeleniumLibrary">
<doc>Returns a list of WebElement objects matching the ``locator``.</doc>
<arguments>
<arg>css=tbody td:nth-child(2)</arg>
</arguments>
<assign>
<var>${eles}</var>
</assign>
<msg timestamp="20200403 08:02:56.196" level="INFO">${eles} = [&lt;selenium.webdriver.remote.webelement.WebElement (session="50c0f3c38aef7b7879d0979dd8b6a181", element="01a35d40-74c1-4b7e-94ee-70f49a048f10")&gt;]</msg>
<status status="PASS" starttime="20200403 08:02:56.188" endtime="20200403 08:02:56.196"></status>
</kw>
<kw name="Evaluate" library="BuiltIn">
<doc>Evaluates the given expression in Python and returns the results.</doc>
<arguments>
<arg>[ele.text for ele in $eles]</arg>
</arguments>
<assign>
<var>${courses}</var>
</assign>
<msg timestamp="20200403 08:02:56.207" level="INFO">${courses} = ['robot']</msg>
<status status="PASS" starttime="20200403 08:02:56.196" endtime="20200403 08:02:56.207"></status>
</kw>
<kw name="Should Be True" library="BuiltIn">
<doc>Fails if the given condition is not true.</doc>
<arguments>
<arg>$expect in $courses</arg>
</arguments>
<status status="PASS" starttime="20200403 08:02:56.207" endtime="20200403 08:02:56.208"></status>
</kw>
<status status="PASS" starttime="20200403 08:02:56.188" endtime="20200403 08:02:56.208"></status>
</kw>
<kw name="deleteAllCourse" library="rc" type="teardown">
<kw name="loginwebsite" library="rc">
<kw name="Go To" library="SeleniumLibrary">
<doc>Navigates the current browser window to the provided ``url``.</doc>
<arguments>
<arg>${url}</arg>
</arguments>
<msg timestamp="20200403 08:02:56.208" level="INFO">Opening url 'http://localhost/mgr/login/login.html'</msg>
<status status="PASS" starttime="20200403 08:02:56.208" endtime="20200403 08:02:56.240"></status>
</kw>
<kw name="Input Text" library="SeleniumLibrary">
<doc>Types the given ``text`` into the text field identified by ``locator``.</doc>
<arguments>
<arg>id=username</arg>
<arg>&amp;{user1}[username]</arg>
</arguments>
<msg timestamp="20200403 08:02:56.241" level="INFO">Typing text 'auto' into text field 'id=username'.</msg>
<status status="PASS" starttime="20200403 08:02:56.240" endtime="20200403 08:02:56.292"></status>
</kw>
<kw name="Input Text" library="SeleniumLibrary">
<doc>Types the given ``text`` into the text field identified by ``locator``.</doc>
<arguments>
<arg>id=password</arg>
<arg>&amp;{user1}[pw]</arg>
</arguments>
<msg timestamp="20200403 08:02:56.293" level="INFO">Typing text 'sdfsdfsdf' into text field 'id=password'.</msg>
<status status="PASS" starttime="20200403 08:02:56.292" endtime="20200403 08:02:56.351"></status>
</kw>
<kw name="Click Element" library="SeleniumLibrary">
<doc>Click the element identified by ``locator``.</doc>
<arguments>
<arg>tag=button</arg>
</arguments>
<msg timestamp="20200403 08:02:56.351" level="INFO">Clicking element 'tag=button'.</msg>
<status status="PASS" starttime="20200403 08:02:56.351" endtime="20200403 08:02:56.392"></status>
</kw>
<status status="PASS" starttime="20200403 08:02:56.208" endtime="20200403 08:02:56.393"></status>
</kw>
<kw name="Set Selenium Implicit Wait" library="SeleniumLibrary">
<doc>Sets the implicit wait value used by Selenium.</doc>
<arguments>
<arg>1</arg>
</arguments>
<status status="PASS" starttime="20200403 08:02:56.393" endtime="20200403 08:02:56.393"></status>
</kw>
<kw name="${i} IN RANGE [ 9999 ]" type="for">
<kw name="${i} = 0" type="foritem">
<kw name="Get WebElements" library="SeleniumLibrary">
<doc>Returns a list of WebElement objects matching the ``locator``.</doc>
<arguments>
<arg>css=[ng-click="delOne(one)"]</arg>
</arguments>
<assign>
<var>${del_btns}</var>
</assign>
<msg timestamp="20200403 08:02:56.631" level="INFO">${del_btns} = [&lt;selenium.webdriver.remote.webelement.WebElement (session="50c0f3c38aef7b7879d0979dd8b6a181", element="b37bf10f-9926-4c7d-9ff4-ff36cd32a379")&gt;]</msg>
<status status="PASS" starttime="20200403 08:02:56.394" endtime="20200403 08:02:56.631"></status>
</kw>
<kw name="Exit For Loop If" library="BuiltIn">
<doc>Stops executing the enclosing for loop if the ``condition`` is true.</doc>
<arguments>
<arg>$del_btns == []</arg>
</arguments>
<status status="PASS" starttime="20200403 08:02:56.631" endtime="20200403 08:02:56.631"></status>
</kw>
<kw name="Evaluate" library="BuiltIn">
<doc>Evaluates the given expression in Python and returns the results.</doc>
<arguments>
<arg>$del_btns[0].click()</arg>
</arguments>
<status status="PASS" starttime="20200403 08:02:56.632" endtime="20200403 08:02:56.661"></status>
</kw>
<kw name="Click Element" library="SeleniumLibrary">
<doc>Click the element identified by ``locator``.</doc>
<arguments>
<arg>css=.btn-primary</arg>
</arguments>
<msg timestamp="20200403 08:02:56.661" level="INFO">Clicking element 'css=.btn-primary'.</msg>
<status status="PASS" starttime="20200403 08:02:56.661" endtime="20200403 08:02:56.894"></status>
</kw>
<kw name="Sleep" library="BuiltIn">
<doc>Pauses the test executed for the given time.</doc>
<arguments>
<arg>1</arg>
</arguments>
<msg timestamp="20200403 08:02:57.895" level="INFO">Slept 1 second</msg>
<status status="PASS" starttime="20200403 08:02:56.894" endtime="20200403 08:02:57.895"></status>
</kw>
<status status="PASS" starttime="20200403 08:02:56.394" endtime="20200403 08:02:57.895"></status>
</kw>
<kw name="${i} = 1" type="foritem">
<kw name="Get WebElements" library="SeleniumLibrary">
<doc>Returns a list of WebElement objects matching the ``locator``.</doc>
<arguments>
<arg>css=[ng-click="delOne(one)"]</arg>
</arguments>
<assign>
<var>${del_btns}</var>
</assign>
<msg timestamp="20200403 08:02:58.939" level="INFO">${del_btns} = []</msg>
<status status="PASS" starttime="20200403 08:02:57.895" endtime="20200403 08:02:58.939"></status>
</kw>
<kw name="Exit For Loop If" library="BuiltIn">
<doc>Stops executing the enclosing for loop if the ``condition`` is true.</doc>
<arguments>
<arg>$del_btns == []</arg>
</arguments>
<msg timestamp="20200403 08:02:58.939" level="INFO">Exiting for loop altogether.</msg>
<status status="PASS" starttime="20200403 08:02:58.939" endtime="20200403 08:02:58.939"></status>
</kw>
<status status="PASS" starttime="20200403 08:02:57.895" endtime="20200403 08:02:58.939"></status>
</kw>
<status status="PASS" starttime="20200403 08:02:56.394" endtime="20200403 08:02:58.939"></status>
</kw>
<status status="PASS" starttime="20200403 08:02:56.208" endtime="20200403 08:02:58.940"></status>
</kw>
<status status="PASS" starttime="20200403 08:02:53.018" endtime="20200403 08:02:58.940" critical="yes"></status>
</test>
<test id="s1-t2" name="测试2">
<kw name="deleteAllCourse" library="rc" type="setup">
<kw name="loginwebsite" library="rc">
<kw name="Go To" library="SeleniumLibrary">
<doc>Navigates the current browser window to the provided ``url``.</doc>
<arguments>
<arg>${url}</arg>
</arguments>
<msg timestamp="20200403 08:02:58.942" level="INFO">Opening url 'http://localhost/mgr/login/login.html'</msg>
<status status="PASS" starttime="20200403 08:02:58.942" endtime="20200403 08:02:58.972"></status>
</kw>
<kw name="Input Text" library="SeleniumLibrary">
<doc>Types the given ``text`` into the text field identified by ``locator``.</doc>
<arguments>
<arg>id=username</arg>
<arg>&amp;{user1}[username]</arg>
</arguments>
<msg timestamp="20200403 08:02:58.973" level="INFO">Typing text 'auto' into text field 'id=username'.</msg>
<status status="PASS" starttime="20200403 08:02:58.972" endtime="20200403 08:02:59.025"></status>
</kw>
<kw name="Input Text" library="SeleniumLibrary">
<doc>Types the given ``text`` into the text field identified by ``locator``.</doc>
<arguments>
<arg>id=password</arg>
<arg>&amp;{user1}[pw]</arg>
</arguments>
<msg timestamp="20200403 08:02:59.026" level="INFO">Typing text 'sdfsdfsdf' into text field 'id=password'.</msg>
<status status="PASS" starttime="20200403 08:02:59.025" endtime="20200403 08:02:59.085"></status>
</kw>
<kw name="Click Element" library="SeleniumLibrary">
<doc>Click the element identified by ``locator``.</doc>
<arguments>
<arg>tag=button</arg>
</arguments>
<msg timestamp="20200403 08:02:59.086" level="INFO">Clicking element 'tag=button'.</msg>
<status status="PASS" starttime="20200403 08:02:59.086" endtime="20200403 08:02:59.122"></status>
</kw>
<status status="PASS" starttime="20200403 08:02:58.941" endtime="20200403 08:02:59.122"></status>
</kw>
<kw name="Set Selenium Implicit Wait" library="SeleniumLibrary">
<doc>Sets the implicit wait value used by Selenium.</doc>
<arguments>
<arg>1</arg>
</arguments>
<status status="PASS" starttime="20200403 08:02:59.122" endtime="20200403 08:02:59.123"></status>
</kw>
<kw name="${i} IN RANGE [ 9999 ]" type="for">
<kw name="${i} = 0" type="foritem">
<kw name="Get WebElements" library="SeleniumLibrary">
<doc>Returns a list of WebElement objects matching the ``locator``.</doc>
<arguments>
<arg>css=[ng-click="delOne(one)"]</arg>
</arguments>
<assign>
<var>${del_btns}</var>
</assign>
<msg timestamp="20200403 08:03:00.168" level="INFO">${del_btns} = []</msg>
<status status="PASS" starttime="20200403 08:02:59.123" endtime="20200403 08:03:00.168"></status>
</kw>
<kw name="Exit For Loop If" library="BuiltIn">
<doc>Stops executing the enclosing for loop if the ``condition`` is true.</doc>
<arguments>
<arg>$del_btns == []</arg>
</arguments>
<msg timestamp="20200403 08:03:00.169" level="INFO">Exiting for loop altogether.</msg>
<status status="PASS" starttime="20200403 08:03:00.168" endtime="20200403 08:03:00.169"></status>
</kw>
<status status="PASS" starttime="20200403 08:02:59.123" endtime="20200403 08:03:00.169"></status>
</kw>
<status status="PASS" starttime="20200403 08:02:59.123" endtime="20200403 08:03:00.169"></status>
</kw>
<status status="PASS" starttime="20200403 08:02:58.941" endtime="20200403 08:03:00.169"></status>
</kw>
<kw name="loginwebsite" library="rc">
<kw name="Go To" library="SeleniumLibrary">
<doc>Navigates the current browser window to the provided ``url``.</doc>
<arguments>
<arg>${url}</arg>
</arguments>
<msg timestamp="20200403 08:03:00.170" level="INFO">Opening url 'http://localhost/mgr/login/login.html'</msg>
<status status="PASS" starttime="20200403 08:03:00.169" endtime="20200403 08:03:00.197"></status>
</kw>
<kw name="Input Text" library="SeleniumLibrary">
<doc>Types the given ``text`` into the text field identified by ``locator``.</doc>
<arguments>
<arg>id=username</arg>
<arg>&amp;{user1}[username]</arg>
</arguments>
<msg timestamp="20200403 08:03:00.197" level="INFO">Typing text 'auto' into text field 'id=username'.</msg>
<status status="PASS" starttime="20200403 08:03:00.197" endtime="20200403 08:03:00.253"></status>
</kw>
<kw name="Input Text" library="SeleniumLibrary">
<doc>Types the given ``text`` into the text field identified by ``locator``.</doc>
<arguments>
<arg>id=password</arg>
<arg>&amp;{user1}[pw]</arg>
</arguments>
<msg timestamp="20200403 08:03:00.254" level="INFO">Typing text 'sdfsdfsdf' into text field 'id=password'.</msg>
<status status="PASS" starttime="20200403 08:03:00.254" endtime="20200403 08:03:00.313"></status>
</kw>
<kw name="Click Element" library="SeleniumLibrary">
<doc>Click the element identified by ``locator``.</doc>
<arguments>
<arg>tag=button</arg>
</arguments>
<msg timestamp="20200403 08:03:00.314" level="INFO">Clicking element 'tag=button'.</msg>
<status status="PASS" starttime="20200403 08:03:00.313" endtime="20200403 08:03:00.344"></status>
</kw>
<status status="PASS" starttime="20200403 08:03:00.169" endtime="20200403 08:03:00.344"></status>
</kw>
<kw name="addCourse" library="rc">
<arguments>
<arg>webUI</arg>
<arg>UI自动化测试</arg>
<arg>1</arg>
</arguments>
<kw name="Click Element" library="SeleniumLibrary">
<doc>Click the element identified by ``locator``.</doc>
<arguments>
<arg>css=button[ng-click="showAddOne=true"]</arg>
</arguments>
<msg timestamp="20200403 08:03:00.345" level="INFO">Clicking element 'css=button[ng-click="showAddOne=true"]'.</msg>
<status status="PASS" starttime="20200403 08:03:00.345" endtime="20200403 08:03:00.495"></status>
</kw>
<kw name="Input Text" library="SeleniumLibrary">
<doc>Types the given ``text`` into the text field identified by ``locator``.</doc>
<arguments>
<arg>css=input[ng-model='addData.name']</arg>
<arg>${name}</arg>
</arguments>
<msg timestamp="20200403 08:03:00.495" level="INFO">Typing text 'webUI' into text field 'css=input[ng-model='addData.name']'.</msg>
<status status="PASS" starttime="20200403 08:03:00.495" endtime="20200403 08:03:00.563"></status>
</kw>
<kw name="Input Text" library="SeleniumLibrary">
<doc>Types the given ``text`` into the text field identified by ``locator``.</doc>
<arguments>
<arg>css=textarea[ng-model="addData.desc"]</arg>
<arg>${desc}</arg>
</arguments>
<msg timestamp="20200403 08:03:00.564" level="INFO">Typing text 'UI自动化测试' into text field 'css=textarea[ng-model="addData.desc"]'.</msg>
<status status="PASS" starttime="20200403 08:03:00.564" endtime="20200403 08:03:00.617"></status>
</kw>
<kw name="Input Text" library="SeleniumLibrary">
<doc>Types the given ``text`` into the text field identified by ``locator``.</doc>
<arguments>
<arg>css=input[ng-model="addData.display_idx"]</arg>
<arg>${idx}</arg>
</arguments>
<msg timestamp="20200403 08:03:00.618" level="INFO">Typing text '1' into text field 'css=input[ng-model="addData.display_idx"]'.</msg>
<status status="PASS" starttime="20200403 08:03:00.618" endtime="20200403 08:03:00.663"></status>
</kw>
<kw name="Click Element" library="SeleniumLibrary">
<doc>Click the element identified by ``locator``.</doc>
<arguments>
<arg>css=button[ng-click="addOne()"]</arg>
</arguments>
<msg timestamp="20200403 08:03:00.663" level="INFO">Clicking element 'css=button[ng-click="addOne()"]'.</msg>
<status status="PASS" starttime="20200403 08:03:00.663" endtime="20200403 08:03:00.694"></status>
</kw>
<kw name="Sleep" library="BuiltIn">
<doc>Pauses the test executed for the given time.</doc>
<arguments>
<arg>1</arg>
</arguments>
<msg timestamp="20200403 08:03:01.695" level="INFO">Slept 1 second</msg>
<status status="PASS" starttime="20200403 08:03:00.694" endtime="20200403 08:03:01.695"></status>
</kw>
<status status="PASS" starttime="20200403 08:03:00.345" endtime="20200403 08:03:01.695"></status>
</kw>
<kw name="checkCourse" library="rc">
<arguments>
<arg>webUI</arg>
</arguments>
<kw name="Get WebElements" library="SeleniumLibrary">
<doc>Returns a list of WebElement objects matching the ``locator``.</doc>
<arguments>
<arg>css=tbody td:nth-child(2)</arg>
</arguments>
<assign>
<var>${eles}</var>
</assign>
<msg timestamp="20200403 08:03:01.704" level="INFO">${eles} = [&lt;selenium.webdriver.remote.webelement.WebElement (session="50c0f3c38aef7b7879d0979dd8b6a181", element="d162bce2-f112-4f31-ab79-2b103f64c033")&gt;]</msg>
<status status="PASS" starttime="20200403 08:03:01.696" endtime="20200403 08:03:01.704"></status>
</kw>
<kw name="Evaluate" library="BuiltIn">
<doc>Evaluates the given expression in Python and returns the results.</doc>
<arguments>
<arg>[ele.text for ele in $eles]</arg>
</arguments>
<assign>
<var>${courses}</var>
</assign>
<msg timestamp="20200403 08:03:01.714" level="INFO">${courses} = ['webUI']</msg>
<status status="PASS" starttime="20200403 08:03:01.704" endtime="20200403 08:03:01.714"></status>
</kw>
<kw name="Should Be True" library="BuiltIn">
<doc>Fails if the given condition is not true.</doc>
<arguments>
<arg>$expect in $courses</arg>
</arguments>
<status status="PASS" starttime="20200403 08:03:01.714" endtime="20200403 08:03:01.714"></status>
</kw>
<status status="PASS" starttime="20200403 08:03:01.696" endtime="20200403 08:03:01.715"></status>
</kw>
<kw name="deleteAllCourse" library="rc" type="teardown">
<kw name="loginwebsite" library="rc">
<kw name="Go To" library="SeleniumLibrary">
<doc>Navigates the current browser window to the provided ``url``.</doc>
<arguments>
<arg>${url}</arg>
</arguments>
<msg timestamp="20200403 08:03:01.715" level="INFO">Opening url 'http://localhost/mgr/login/login.html'</msg>
<status status="PASS" starttime="20200403 08:03:01.715" endtime="20200403 08:03:01.744"></status>
</kw>
<kw name="Input Text" library="SeleniumLibrary">
<doc>Types the given ``text`` into the text field identified by ``locator``.</doc>
<arguments>
<arg>id=username</arg>
<arg>&amp;{user1}[username]</arg>
</arguments>
<msg timestamp="20200403 08:03:01.744" level="INFO">Typing text 'auto' into text field 'id=username'.</msg>
<status status="PASS" starttime="20200403 08:03:01.744" endtime="20200403 08:03:01.802"></status>
</kw>
<kw name="Input Text" library="SeleniumLibrary">
<doc>Types the given ``text`` into the text field identified by ``locator``.</doc>
<arguments>
<arg>id=password</arg>
<arg>&amp;{user1}[pw]</arg>
</arguments>
<msg timestamp="20200403 08:03:01.802" level="INFO">Typing text 'sdfsdfsdf' into text field 'id=password'.</msg>
<status status="PASS" starttime="20200403 08:03:01.802" endtime="20200403 08:03:01.861"></status>
</kw>
<kw name="Click Element" library="SeleniumLibrary">
<doc>Click the element identified by ``locator``.</doc>
<arguments>
<arg>tag=button</arg>
</arguments>
<msg timestamp="20200403 08:03:01.861" level="INFO">Clicking element 'tag=button'.</msg>
<status status="PASS" starttime="20200403 08:03:01.861" endtime="20200403 08:03:01.890"></status>
</kw>
<status status="PASS" starttime="20200403 08:03:01.715" endtime="20200403 08:03:01.890"></status>
</kw>
<kw name="Set Selenium Implicit Wait" library="SeleniumLibrary">
<doc>Sets the implicit wait value used by Selenium.</doc>
<arguments>
<arg>1</arg>
</arguments>
<status status="PASS" starttime="20200403 08:03:01.890" endtime="20200403 08:03:01.891"></status>
</kw>
<kw name="${i} IN RANGE [ 9999 ]" type="for">
<kw name="${i} = 0" type="foritem">
<kw name="Get WebElements" library="SeleniumLibrary">
<doc>Returns a list of WebElement objects matching the ``locator``.</doc>
<arguments>
<arg>css=[ng-click="delOne(one)"]</arg>
</arguments>
<assign>
<var>${del_btns}</var>
</assign>
<msg timestamp="20200403 08:03:02.113" level="INFO">${del_btns} = [&lt;selenium.webdriver.remote.webelement.WebElement (session="50c0f3c38aef7b7879d0979dd8b6a181", element="077e6963-c522-4cfb-966b-27647e34af2e")&gt;]</msg>
<status status="PASS" starttime="20200403 08:03:01.891" endtime="20200403 08:03:02.113"></status>
</kw>
<kw name="Exit For Loop If" library="BuiltIn">
<doc>Stops executing the enclosing for loop if the ``condition`` is true.</doc>
<arguments>
<arg>$del_btns == []</arg>
</arguments>
<status status="PASS" starttime="20200403 08:03:02.113" endtime="20200403 08:03:02.113"></status>
</kw>
<kw name="Evaluate" library="BuiltIn">
<doc>Evaluates the given expression in Python and returns the results.</doc>
<arguments>
<arg>$del_btns[0].click()</arg>
</arguments>
<status status="PASS" starttime="20200403 08:03:02.113" endtime="20200403 08:03:02.149"></status>
</kw>
<kw name="Click Element" library="SeleniumLibrary">
<doc>Click the element identified by ``locator``.</doc>
<arguments>
<arg>css=.btn-primary</arg>
</arguments>
<msg timestamp="20200403 08:03:02.149" level="INFO">Clicking element 'css=.btn-primary'.</msg>
<status status="PASS" starttime="20200403 08:03:02.149" endtime="20200403 08:03:02.357"></status>
</kw>
<kw name="Sleep" library="BuiltIn">
<doc>Pauses the test executed for the given time.</doc>
<arguments>
<arg>1</arg>
</arguments>
<msg timestamp="20200403 08:03:03.359" level="INFO">Slept 1 second</msg>
<status status="PASS" starttime="20200403 08:03:02.358" endtime="20200403 08:03:03.359"></status>
</kw>
<status status="PASS" starttime="20200403 08:03:01.891" endtime="20200403 08:03:03.359"></status>
</kw>
<kw name="${i} = 1" type="foritem">
<kw name="Get WebElements" library="SeleniumLibrary">
<doc>Returns a list of WebElement objects matching the ``locator``.</doc>
<arguments>
<arg>css=[ng-click="delOne(one)"]</arg>
</arguments>
<assign>
<var>${del_btns}</var>
</assign>
<msg timestamp="20200403 08:03:04.411" level="INFO">${del_btns} = []</msg>
<status status="PASS" starttime="20200403 08:03:03.359" endtime="20200403 08:03:04.411"></status>
</kw>
<kw name="Exit For Loop If" library="BuiltIn">
<doc>Stops executing the enclosing for loop if the ``condition`` is true.</doc>
<arguments>
<arg>$del_btns == []</arg>
</arguments>
<msg timestamp="20200403 08:03:04.414" level="INFO">Exiting for loop altogether.</msg>
<status status="PASS" starttime="20200403 08:03:04.411" endtime="20200403 08:03:04.414"></status>
</kw>
<status status="PASS" starttime="20200403 08:03:03.359" endtime="20200403 08:03:04.414"></status>
</kw>
<status status="PASS" starttime="20200403 08:03:01.891" endtime="20200403 08:03:04.415"></status>
</kw>
<status status="PASS" starttime="20200403 08:03:01.715" endtime="20200403 08:03:04.415"></status>
</kw>
<status status="PASS" starttime="20200403 08:02:58.941" endtime="20200403 08:03:04.416" critical="yes"></status>
</test>
<kw name="webteardown" library="rc" type="teardown">
<kw name="Close Browser" library="SeleniumLibrary">
<doc>Closes the current browser.</doc>
<status status="PASS" starttime="20200403 08:03:04.421" endtime="20200403 08:03:06.505"></status>
</kw>
<status status="PASS" starttime="20200403 08:03:04.421" endtime="20200403 08:03:06.505"></status>
</kw>
<status status="PASS" starttime="20200403 08:02:47.489" endtime="20200403 08:03:06.505"></status>
</suite>
<statistics>
<total>
<stat pass="2" fail="0">Critical Tests</stat>
<stat pass="2" fail="0">All Tests</stat>
</total>
<tag>
</tag>
<suite>
<stat pass="2" fail="0" id="s1" name="S2">S2</stat>
</suite>
</statistics>
<errors>
</errors>
</robot>
