<?xml version="1.0" encoding="UTF-8"?>
<robot generator="Robot 3.1.2 (Python 3.8.0 on win32)" generated="20200328 20:13:12.162" rpa="false">
<suite id="s1" name="Loop1" source="D:\PyCharm\RF\day2\loop1.robot">
<test id="s1-t1" name="RANG控制循环">
<kw name="${one} IN RANGE [ 10 ]" type="for">
<kw name="${one} = 0" type="foritem">
<kw name="Log To Console" library="BuiltIn">
<doc>Logs the given message to the console.</doc>
<arguments>
<arg>${one}</arg>
</arguments>
<status status="PASS" starttime="20200328 20:13:12.179" endtime="20200328 20:13:12.179"></status>
</kw>
<status status="PASS" starttime="20200328 20:13:12.179" endtime="20200328 20:13:12.180"></status>
</kw>
<kw name="${one} = 1" type="foritem">
<kw name="Log To Console" library="BuiltIn">
<doc>Logs the given message to the console.</doc>
<arguments>
<arg>${one}</arg>
</arguments>
<status status="PASS" starttime="20200328 20:13:12.180" endtime="20200328 20:13:12.180"></status>
</kw>
<status status="PASS" starttime="20200328 20:13:12.180" endtime="20200328 20:13:12.180"></status>
</kw>
<kw name="${one} = 2" type="foritem">
<kw name="Log To Console" library="BuiltIn">
<doc>Logs the given message to the console.</doc>
<arguments>
<arg>${one}</arg>
</arguments>
<status status="PASS" starttime="20200328 20:13:12.180" endtime="20200328 20:13:12.180"></status>
</kw>
<status status="PASS" starttime="20200328 20:13:12.180" endtime="20200328 20:13:12.180"></status>
</kw>
<kw name="${one} = 3" type="foritem">
<kw name="Log To Console" library="BuiltIn">
<doc>Logs the given message to the console.</doc>
<arguments>
<arg>${one}</arg>
</arguments>
<status status="PASS" starttime="20200328 20:13:12.181" endtime="20200328 20:13:12.181"></status>
</kw>
<status status="PASS" starttime="20200328 20:13:12.180" endtime="20200328 20:13:12.181"></status>
</kw>
<kw name="${one} = 4" type="foritem">
<kw name="Log To Console" library="BuiltIn">
<doc>Logs the given message to the console.</doc>
<arguments>
<arg>${one}</arg>
</arguments>
<status status="PASS" starttime="20200328 20:13:12.181" endtime="20200328 20:13:12.181"></status>
</kw>
<status status="PASS" starttime="20200328 20:13:12.181" endtime="20200328 20:13:12.181"></status>
</kw>
<kw name="${one} = 5" type="foritem">
<kw name="Log To Console" library="BuiltIn">
<doc>Logs the given message to the console.</doc>
<arguments>
<arg>${one}</arg>
</arguments>
<status status="PASS" starttime="20200328 20:13:12.181" endtime="20200328 20:13:12.182"></status>
</kw>
<status status="PASS" starttime="20200328 20:13:12.181" endtime="20200328 20:13:12.182"></status>
</kw>
<kw name="${one} = 6" type="foritem">
<kw name="Log To Console" library="BuiltIn">
<doc>Logs the given message to the console.</doc>
<arguments>
<arg>${one}</arg>
</arguments>
<status status="PASS" starttime="20200328 20:13:12.182" endtime="20200328 20:13:12.182"></status>
</kw>
<status status="PASS" starttime="20200328 20:13:12.182" endtime="20200328 20:13:12.182"></status>
</kw>
<kw name="${one} = 7" type="foritem">
<kw name="Log To Console" library="BuiltIn">
<doc>Logs the given message to the console.</doc>
<arguments>
<arg>${one}</arg>
</arguments>
<status status="PASS" starttime="20200328 20:13:12.182" endtime="20200328 20:13:12.182"></status>
</kw>
<status status="PASS" starttime="20200328 20:13:12.182" endtime="20200328 20:13:12.182"></status>
</kw>
<kw name="${one} = 8" type="foritem">
<kw name="Log To Console" library="BuiltIn">
<doc>Logs the given message to the console.</doc>
<arguments>
<arg>${one}</arg>
</arguments>
<status status="PASS" starttime="20200328 20:13:12.183" endtime="20200328 20:13:12.183"></status>
</kw>
<status status="PASS" starttime="20200328 20:13:12.183" endtime="20200328 20:13:12.183"></status>
</kw>
<kw name="${one} = 9" type="foritem">
<kw name="Log To Console" library="BuiltIn">
<doc>Logs the given message to the console.</doc>
<arguments>
<arg>${one}</arg>
</arguments>
<status status="PASS" starttime="20200328 20:13:12.183" endtime="20200328 20:13:12.183"></status>
</kw>
<status status="PASS" starttime="20200328 20:13:12.183" endtime="20200328 20:13:12.183"></status>
</kw>
<status status="PASS" starttime="20200328 20:13:12.179" endtime="20200328 20:13:12.183"></status>
</kw>
<kw name="Log To Console" library="BuiltIn">
<doc>Logs the given message to the console.</doc>
<arguments>
<arg>循环结束</arg>
</arguments>
<status status="PASS" starttime="20200328 20:13:12.184" endtime="20200328 20:13:12.184"></status>
</kw>
<status status="PASS" starttime="20200328 20:13:12.178" endtime="20200328 20:13:12.184" critical="yes"></status>
</test>
<status status="PASS" starttime="20200328 20:13:12.163" endtime="20200328 20:13:12.185"></status>
</suite>
<statistics>
<total>
<stat pass="1" fail="0">Critical Tests</stat>
<stat pass="1" fail="0">All Tests</stat>
</total>
<tag>
</tag>
<suite>
<stat pass="1" fail="0" id="s1" name="Loop1">Loop1</stat>
</suite>
</statistics>
<errors>
</errors>
</robot>
