<?xml version="1.0" encoding="UTF-8"?>
<robot generator="Robot 3.1.1 (Python 3.6.8 on win32)" generated="20200323 21:59:57.503" rpa="false">
<suite id="s1" name="T1" source="E:\tmp\lesson1\suite1\t1.robot">
<test id="s1-t1" name="case001">
<kw name="Log To Console" library="BuiltIn">
<doc>Logs the given message to the console.</doc>
<arguments>
<arg>李建航</arg>
</arguments>
<status status="PASS" starttime="20200323 21:59:57.760" endtime="20200323 21:59:57.761"></status>
</kw>
<kw name="testsq">
<kw name="Open Browser" library="SeleniumLibrary">
<doc>Opens a new browser instance to the optional ``url``.</doc>
<arguments>
<arg>http://www.baidu.com</arg>
<arg>chrome</arg>
</arguments>
<msg timestamp="20200323 21:59:57.762" level="INFO">Opening browser 'chrome' to base url 'http://www.baidu.com'.</msg>
<status status="PASS" starttime="20200323 21:59:57.762" endtime="20200323 22:00:04.070"></status>
</kw>
<kw name="Input Text" library="SeleniumLibrary">
<doc>Types the given ``text`` into the text field identified by ``locator``.</doc>
<arguments>
<arg>id=kw</arg>
<arg>松勤\n</arg>
</arguments>
<msg timestamp="20200323 22:00:04.071" level="INFO">Typing text '松勤
' into text field 'id=kw'.</msg>
<status status="PASS" starttime="20200323 22:00:04.070" endtime="20200323 22:00:04.381"></status>
</kw>
<kw name="Get Text" library="SeleniumLibrary">
<doc>Returns the text value of the element identified by ``locator``.</doc>
<arguments>
<arg>id=1</arg>
</arguments>
<assign>
<var>${firstRet}</var>
</assign>
<kw name="Capture Page Screenshot" library="SeleniumLibrary">
<doc>Takes a screenshot of the current page and embeds it into a log file.</doc>
<msg timestamp="20200323 22:00:05.081" level="INFO" html="yes">&lt;/td&gt;&lt;/tr&gt;&lt;tr&gt;&lt;td colspan="3"&gt;&lt;a href="selenium-screenshot-1.png"&gt;&lt;img src="selenium-screenshot-1.png" width="800px"&gt;&lt;/a&gt;</msg>
<status status="PASS" starttime="20200323 22:00:04.400" endtime="20200323 22:00:05.082"></status>
</kw>
<msg timestamp="20200323 22:00:05.084" level="FAIL">Element with locator 'id=1' not found.</msg>
<status status="FAIL" starttime="20200323 22:00:04.382" endtime="20200323 22:00:05.084"></status>
</kw>
<status status="FAIL" starttime="20200323 21:59:57.761" endtime="20200323 22:00:05.085"></status>
</kw>
<doc>冒烟测试xxxx干嘛的</doc>
<tags>
<tag>somketest</tag>
<tag>tes1</tag>
</tags>
<timeout value="1 minute"></timeout>
<status status="FAIL" starttime="20200323 21:59:57.758" endtime="20200323 22:00:05.087" critical="yes">Element with locator 'id=1' not found.</status>
</test>
<test id="s1-t2" name="case002">
<kw name="Log To Console" library="BuiltIn">
<doc>Logs the given message to the console.</doc>
<arguments>
<arg>RF</arg>
</arguments>
<status status="PASS" starttime="20200323 22:00:05.092" endtime="20200323 22:00:05.092"></status>
</kw>
<tags>
<tag>somketest</tag>
</tags>
<status status="PASS" starttime="20200323 22:00:05.090" endtime="20200323 22:00:05.093" critical="yes"></status>
</test>
<status status="FAIL" starttime="20200323 21:59:57.505" endtime="20200323 22:00:05.095"></status>
</suite>
<statistics>
<total>
<stat pass="1" fail="1">Critical Tests</stat>
<stat pass="1" fail="1">All Tests</stat>
</total>
<tag>
<stat pass="1" fail="1">somketest</stat>
<stat pass="0" fail="1">tes1</stat>
</tag>
<suite>
<stat pass="1" fail="1" id="s1" name="T1">T1</stat>
</suite>
</statistics>
<errors>
</errors>
</robot>
