<?xml version="1.0" encoding="UTF-8"?>
<robot generator="Robot 3.1.1 (Python 3.6.8 on win32)" generated="20200110 21:23:58.577" rpa="false">
<suite id="s1" name="Tc" source="E:\tmp\lesson6\task\tc">
<suite id="s1-s1" name="Web测试" source="E:\tmp\lesson6\task\tc\web测试">
<kw name="setupWebTest" library="rc" type="setup">
<kw name="Open Browser" library="SeleniumLibrary">
<doc>Opens a new browser instance to the given ``url``.</doc>
<arguments>
<arg>http://localhost/mgr/login/login.html</arg>
<arg>chrome</arg>
</arguments>
<msg timestamp="20200110 21:23:58.836" level="INFO">Opening browser 'chrome' to base url 'http://localhost/mgr/login/login.html'.</msg>
<status status="PASS" starttime="20200110 21:23:58.836" endtime="20200110 21:24:04.615"></status>
</kw>
<kw name="Set Selenium Implicit Wait" library="SeleniumLibrary">
<doc>Sets the implicit wait value used by Selenium.</doc>
<arguments>
<arg>10</arg>
</arguments>
<status status="PASS" starttime="20200110 21:24:04.615" endtime="20200110 21:24:04.619"></status>
</kw>
<status status="PASS" starttime="20200110 21:23:58.836" endtime="20200110 21:24:04.619"></status>
</kw>
<suite id="s1-s1-s1" name="管理员操作" source="E:\tmp\lesson6\task\tc\web测试\管理员操作">
<kw name="loginwebsite" library="rc" type="setup">
<kw name="Go To" library="SeleniumLibrary">
<doc>Navigates the active browser instance to the provided ``url``.</doc>
<arguments>
<arg>http://localhost/mgr/login/login.html</arg>
</arguments>
<msg timestamp="20200110 21:24:29.900" level="INFO">Opening url 'http://localhost/mgr/login/login.html'</msg>
<status status="PASS" starttime="20200110 21:24:29.900" endtime="20200110 21:24:29.999"></status>
</kw>
<kw name="Input Text" library="SeleniumLibrary">
<doc>Types the given ``text`` into text field identified by ``locator``.</doc>
<arguments>
<arg>id:username</arg>
<arg>&amp;{user1}[name]</arg>
</arguments>
<msg timestamp="20200110 21:24:30.000" level="INFO">Typing text 'auto' into text field 'id:username'.</msg>
<status status="PASS" starttime="20200110 21:24:30.000" endtime="20200110 21:24:30.134"></status>
</kw>
<kw name="Input Text" library="SeleniumLibrary">
<doc>Types the given ``text`` into text field identified by ``locator``.</doc>
<arguments>
<arg>id=password</arg>
<arg>&amp;{user1}[pwd]</arg>
</arguments>
<msg timestamp="20200110 21:24:30.134" level="INFO">Typing text 'sdfsdfsdf' into text field 'id=password'.</msg>
<status status="PASS" starttime="20200110 21:24:30.134" endtime="20200110 21:24:30.252"></status>
</kw>
<kw name="Click Element" library="SeleniumLibrary">
<doc>Click element identified by ``locator``.</doc>
<arguments>
<arg>tag=button</arg>
</arguments>
<msg timestamp="20200110 21:24:30.253" level="INFO">Clicking element 'tag=button'.</msg>
<status status="PASS" starttime="20200110 21:24:30.253" endtime="20200110 21:24:30.329"></status>
</kw>
<status status="PASS" starttime="20200110 21:24:29.900" endtime="20200110 21:24:30.329"></status>
</kw>
<suite id="s1-s1-s1-s1" name="老师管理" source="E:\tmp\lesson6\task\tc\web测试\管理员操作\老师管理">
<suite id="s1-s1-s1-s1-s1" name="添加老师" source="E:\tmp\lesson6\task\tc\web测试\管理员操作\老师管理\添加老师.robot">
<test id="s1-s1-s1-s1-s1-t1" name="添加老师">
<kw name="Run Keywords" library="BuiltIn" type="setup">
<doc>Executes all the given keywords in a sequence.</doc>
<arguments>
<arg>deleteAllTeachers</arg>
<arg>AND</arg>
<arg>deleteAllLesson</arg>
<arg>AND</arg>
<arg>addCourse</arg>
<arg>初中数学</arg>
<arg>数学描述</arg>
<arg>2</arg>
<arg>AND</arg>
<arg>addCourse</arg>
<arg>初中语文</arg>
<arg>语文描述</arg>
<arg>1</arg>
</arguments>
<kw name="deleteAllTeachers" library="rc">
<kw name="Click Element" library="SeleniumLibrary">
<doc>Click element identified by ``locator``.</doc>
<arguments>
<arg>css=[ui-sref="teacher"]</arg>
</arguments>
<msg timestamp="20200110 21:24:30.348" level="INFO">Clicking element 'css=[ui-sref="teacher"]'.</msg>
<status status="PASS" starttime="20200110 21:24:30.348" endtime="20200110 21:24:31.163"></status>
</kw>
<kw name="Set Selenium Implicit Wait" library="SeleniumLibrary">
<doc>Sets the implicit wait value used by Selenium.</doc>
<arguments>
<arg>1</arg>
</arguments>
<status status="PASS" starttime="20200110 21:24:31.164" endtime="20200110 21:24:31.167"></status>
</kw>
<kw name="${var} IN RANGE [ 9999 ]" type="for">
<kw name="${var} = 0" type="foritem">
<kw name="Get WebElements" library="SeleniumLibrary">
<doc>Returns list of WebElement objects matching the ``locator``.</doc>
<arguments>
<arg>css=[ng-click="delOne(one)"]</arg>
</arguments>
<assign>
<var>${del_btns}</var>
</assign>
<msg timestamp="20200110 21:24:32.199" level="INFO">${del_btns} = []</msg>
<status status="PASS" starttime="20200110 21:24:31.168" endtime="20200110 21:24:32.199"></status>
</kw>
<kw name="Exit For Loop If" library="BuiltIn">
<doc>Stops executing the enclosing for loop if the ``condition`` is true.</doc>
<arguments>
<arg>$del_btns==[]</arg>
</arguments>
<msg timestamp="20200110 21:24:32.206" level="INFO">Exiting for loop altogether.</msg>
<status status="PASS" starttime="20200110 21:24:32.199" endtime="20200110 21:24:32.207"></status>
</kw>
<status status="PASS" starttime="20200110 21:24:31.168" endtime="20200110 21:24:32.207"></status>
</kw>
<status status="PASS" starttime="20200110 21:24:31.167" endtime="20200110 21:24:32.207"></status>
</kw>
<kw name="Set Selenium Implicit Wait" library="SeleniumLibrary">
<doc>Sets the implicit wait value used by Selenium.</doc>
<arguments>
<arg>1</arg>
</arguments>
<status status="PASS" starttime="20200110 21:24:32.207" endtime="20200110 21:24:32.208"></status>
</kw>
<status status="PASS" starttime="20200110 21:24:30.347" endtime="20200110 21:24:32.208"></status>
</kw>
<kw name="deleteAllLesson" library="rc">
<kw name="Click Element" library="SeleniumLibrary">
<doc>Click element identified by ``locator``.</doc>
<arguments>
<arg>css=[ui-sref="course"]</arg>
</arguments>
<msg timestamp="20200110 21:24:32.209" level="INFO">Clicking element 'css=[ui-sref="course"]'.</msg>
<status status="PASS" starttime="20200110 21:24:32.209" endtime="20200110 21:24:32.293"></status>
</kw>
<kw name="Set Selenium Implicit Wait" library="SeleniumLibrary">
<doc>Sets the implicit wait value used by Selenium.</doc>
<arguments>
<arg>1</arg>
</arguments>
<status status="PASS" starttime="20200110 21:24:32.293" endtime="20200110 21:24:32.295"></status>
</kw>
<kw name="${var} IN RANGE [ 9999 ]" type="for">
<kw name="${var} = 0" type="foritem">
<kw name="Get WebElements" library="SeleniumLibrary">
<doc>Returns list of WebElement objects matching the ``locator``.</doc>
<arguments>
<arg>css=[ng-click="delOne(one)"]</arg>
</arguments>
<assign>
<var>${del_btns}</var>
</assign>
<msg timestamp="20200110 21:24:33.312" level="INFO">${del_btns} = []</msg>
<status status="PASS" starttime="20200110 21:24:32.297" endtime="20200110 21:24:33.312"></status>
</kw>
<kw name="Exit For Loop If" library="BuiltIn">
<doc>Stops executing the enclosing for loop if the ``condition`` is true.</doc>
<arguments>
<arg>$del_btns==[]</arg>
</arguments>
<msg timestamp="20200110 21:24:33.313" level="INFO">Exiting for loop altogether.</msg>
<status status="PASS" starttime="20200110 21:24:33.312" endtime="20200110 21:24:33.313"></status>
</kw>
<status status="PASS" starttime="20200110 21:24:32.296" endtime="20200110 21:24:33.313"></status>
</kw>
<status status="PASS" starttime="20200110 21:24:32.296" endtime="20200110 21:24:33.313"></status>
</kw>
<kw name="Set Selenium Implicit Wait" library="SeleniumLibrary">
<doc>Sets the implicit wait value used by Selenium.</doc>
<arguments>
<arg>1</arg>
</arguments>
<status status="PASS" starttime="20200110 21:24:33.313" endtime="20200110 21:24:33.315"></status>
</kw>
<status status="PASS" starttime="20200110 21:24:32.208" endtime="20200110 21:24:33.315"></status>
</kw>
<kw name="addCourse" library="rc">
<arguments>
<arg>初中数学</arg>
<arg>数学描述</arg>
<arg>2</arg>
</arguments>
<kw name="Click Element" library="SeleniumLibrary">
<doc>Click element identified by ``locator``.</doc>
<arguments>
<arg>css=[ui-sref="course"]</arg>
</arguments>
<msg timestamp="20200110 21:24:33.316" level="INFO">Clicking element 'css=[ui-sref="course"]'.</msg>
<status status="PASS" starttime="20200110 21:24:33.315" endtime="20200110 21:24:33.355"></status>
</kw>
<kw name="Click Element" library="SeleniumLibrary">
<doc>Click element identified by ``locator``.</doc>
<arguments>
<arg>css:[ng-click="showAddOne=true"]</arg>
</arguments>
<msg timestamp="20200110 21:24:33.355" level="INFO">Clicking element 'css:[ng-click="showAddOne=true"]'.</msg>
<status status="PASS" starttime="20200110 21:24:33.355" endtime="20200110 21:24:33.426"></status>
</kw>
<kw name="Input Text" library="SeleniumLibrary">
<doc>Types the given ``text`` into text field identified by ``locator``.</doc>
<arguments>
<arg>css=input[ng-model='addData.name']</arg>
<arg>${name}</arg>
</arguments>
<msg timestamp="20200110 21:24:33.426" level="INFO">Typing text '初中数学' into text field 'css=input[ng-model='addData.name']'.</msg>
<status status="PASS" starttime="20200110 21:24:33.426" endtime="20200110 21:24:33.539"></status>
</kw>
<kw name="Input Text" library="SeleniumLibrary">
<doc>Types the given ``text`` into text field identified by ``locator``.</doc>
<arguments>
<arg>css=textarea[ng-model='addData.desc']</arg>
<arg>${desc}</arg>
</arguments>
<msg timestamp="20200110 21:24:33.539" level="INFO">Typing text '数学描述' into text field 'css=textarea[ng-model='addData.desc']'.</msg>
<status status="PASS" starttime="20200110 21:24:33.539" endtime="20200110 21:24:33.642"></status>
</kw>
<kw name="Input Text" library="SeleniumLibrary">
<doc>Types the given ``text`` into text field identified by ``locator``.</doc>
<arguments>
<arg>css=input[ng-model='addData.display_idx']</arg>
<arg>${idx}</arg>
</arguments>
<msg timestamp="20200110 21:24:33.643" level="INFO">Typing text '2' into text field 'css=input[ng-model='addData.display_idx']'.</msg>
<status status="PASS" starttime="20200110 21:24:33.643" endtime="20200110 21:24:33.740"></status>
</kw>
<kw name="Click Element" library="SeleniumLibrary">
<doc>Click element identified by ``locator``.</doc>
<arguments>
<arg>css=[ng-click="addOne()"]</arg>
</arguments>
<msg timestamp="20200110 21:24:33.740" level="INFO">Clicking element 'css=[ng-click="addOne()"]'.</msg>
<status status="PASS" starttime="20200110 21:24:33.740" endtime="20200110 21:24:33.817"></status>
</kw>
<kw name="Sleep" library="BuiltIn">
<doc>Pauses the test executed for the given time.</doc>
<arguments>
<arg>1</arg>
</arguments>
<msg timestamp="20200110 21:24:34.818" level="INFO">Slept 1 second</msg>
<status status="PASS" starttime="20200110 21:24:33.817" endtime="20200110 21:24:34.818"></status>
</kw>
<status status="PASS" starttime="20200110 21:24:33.315" endtime="20200110 21:24:34.818"></status>
</kw>
<kw name="addCourse" library="rc">
<arguments>
<arg>初中语文</arg>
<arg>语文描述</arg>
<arg>1</arg>
</arguments>
<kw name="Click Element" library="SeleniumLibrary">
<doc>Click element identified by ``locator``.</doc>
<arguments>
<arg>css=[ui-sref="course"]</arg>
</arguments>
<msg timestamp="20200110 21:24:34.819" level="INFO">Clicking element 'css=[ui-sref="course"]'.</msg>
<status status="PASS" starttime="20200110 21:24:34.819" endtime="20200110 21:24:34.856"></status>
</kw>
<kw name="Click Element" library="SeleniumLibrary">
<doc>Click element identified by ``locator``.</doc>
<arguments>
<arg>css:[ng-click="showAddOne=true"]</arg>
</arguments>
<msg timestamp="20200110 21:24:34.857" level="INFO">Clicking element 'css:[ng-click="showAddOne=true"]'.</msg>
<status status="PASS" starttime="20200110 21:24:34.856" endtime="20200110 21:24:34.900"></status>
</kw>
<kw name="Input Text" library="SeleniumLibrary">
<doc>Types the given ``text`` into text field identified by ``locator``.</doc>
<arguments>
<arg>css=input[ng-model='addData.name']</arg>
<arg>${name}</arg>
</arguments>
<msg timestamp="20200110 21:24:34.901" level="INFO">Typing text '初中语文' into text field 'css=input[ng-model='addData.name']'.</msg>
<status status="PASS" starttime="20200110 21:24:34.900" endtime="20200110 21:24:34.968"></status>
</kw>
<kw name="Input Text" library="SeleniumLibrary">
<doc>Types the given ``text`` into text field identified by ``locator``.</doc>
<arguments>
<arg>css=textarea[ng-model='addData.desc']</arg>
<arg>${desc}</arg>
</arguments>
<msg timestamp="20200110 21:24:34.968" level="INFO">Typing text '语文描述' into text field 'css=textarea[ng-model='addData.desc']'.</msg>
<status status="PASS" starttime="20200110 21:24:34.968" endtime="20200110 21:24:35.032"></status>
</kw>
<kw name="Input Text" library="SeleniumLibrary">
<doc>Types the given ``text`` into text field identified by ``locator``.</doc>
<arguments>
<arg>css=input[ng-model='addData.display_idx']</arg>
<arg>${idx}</arg>
</arguments>
<msg timestamp="20200110 21:24:35.032" level="INFO">Typing text '1' into text field 'css=input[ng-model='addData.display_idx']'.</msg>
<status status="PASS" starttime="20200110 21:24:35.032" endtime="20200110 21:24:35.088"></status>
</kw>
<kw name="Click Element" library="SeleniumLibrary">
<doc>Click element identified by ``locator``.</doc>
<arguments>
<arg>css=[ng-click="addOne()"]</arg>
</arguments>
<msg timestamp="20200110 21:24:35.089" level="INFO">Clicking element 'css=[ng-click="addOne()"]'.</msg>
<status status="PASS" starttime="20200110 21:24:35.088" endtime="20200110 21:24:35.142"></status>
</kw>
<kw name="Sleep" library="BuiltIn">
<doc>Pauses the test executed for the given time.</doc>
<arguments>
<arg>1</arg>
</arguments>
<msg timestamp="20200110 21:24:36.144" level="INFO">Slept 1 second</msg>
<status status="PASS" starttime="20200110 21:24:35.142" endtime="20200110 21:24:36.144"></status>
</kw>
<status status="PASS" starttime="20200110 21:24:34.818" endtime="20200110 21:24:36.144"></status>
</kw>
<status status="PASS" starttime="20200110 21:24:30.347" endtime="20200110 21:24:36.144"></status>
</kw>
<kw name="add teacher" library="rc">
<arguments>
<arg>小陈老师</arg>
<arg>xiaochen</arg>
<arg>数学老师</arg>
<arg>1</arg>
<arg>初中数学</arg>
</arguments>
<kw name="Click Element" library="SeleniumLibrary">
<doc>Click element identified by ``locator``.</doc>
<arguments>
<arg>css=[ui-sref="teacher"]</arg>
</arguments>
<msg timestamp="20200110 21:24:36.145" level="INFO">Clicking element 'css=[ui-sref="teacher"]'.</msg>
<status status="PASS" starttime="20200110 21:24:36.145" endtime="20200110 21:24:36.199"></status>
</kw>
<kw name="Click Element" library="SeleniumLibrary">
<doc>Click element identified by ``locator``.</doc>
<arguments>
<arg>css:[ng-click="showAddOne=true"]</arg>
</arguments>
<msg timestamp="20200110 21:24:36.200" level="INFO">Clicking element 'css:[ng-click="showAddOne=true"]'.</msg>
<status status="PASS" starttime="20200110 21:24:36.199" endtime="20200110 21:24:36.269"></status>
</kw>
<kw name="Input Text" library="SeleniumLibrary">
<doc>Types the given ``text`` into text field identified by ``locator``.</doc>
<arguments>
<arg>css=input[ng-model="addEditData.realname"]</arg>
<arg>${realname}</arg>
</arguments>
<msg timestamp="20200110 21:24:36.269" level="INFO">Typing text '小陈老师' into text field 'css=input[ng-model="addEditData.realname"]'.</msg>
<status status="PASS" starttime="20200110 21:24:36.269" endtime="20200110 21:24:36.369"></status>
</kw>
<kw name="Input Text" library="SeleniumLibrary">
<doc>Types the given ``text`` into text field identified by ``locator``.</doc>
<arguments>
<arg>css=[ng-model="addEditData.username"]</arg>
<arg>${username}</arg>
</arguments>
<msg timestamp="20200110 21:24:36.369" level="INFO">Typing text 'xiaochen' into text field 'css=[ng-model="addEditData.username"]'.</msg>
<status status="PASS" starttime="20200110 21:24:36.369" endtime="20200110 21:24:36.476"></status>
</kw>
<kw name="Input Text" library="SeleniumLibrary">
<doc>Types the given ``text`` into text field identified by ``locator``.</doc>
<arguments>
<arg>css=textarea[ng-model="addEditData.desc"]</arg>
<arg>${desc}</arg>
</arguments>
<msg timestamp="20200110 21:24:36.477" level="INFO">Typing text '数学老师' into text field 'css=textarea[ng-model="addEditData.desc"]'.</msg>
<status status="PASS" starttime="20200110 21:24:36.476" endtime="20200110 21:24:36.566"></status>
</kw>
<kw name="Input Text" library="SeleniumLibrary">
<doc>Types the given ``text`` into text field identified by ``locator``.</doc>
<arguments>
<arg>css=input[ng-model='addEditData.display_idx']</arg>
<arg>${idx}</arg>
</arguments>
<msg timestamp="20200110 21:24:36.566" level="INFO">Typing text '1' into text field 'css=input[ng-model='addEditData.display_idx']'.</msg>
<status status="PASS" starttime="20200110 21:24:36.566" endtime="20200110 21:24:36.655"></status>
</kw>
<kw name="Select From List By Label" library="SeleniumLibrary">
<doc>Selects options from selection list ``locator`` by ``labels``.</doc>
<arguments>
<arg>css=[ng-model="$parent.courseSelected"]</arg>
<arg>${course}</arg>
</arguments>
<msg timestamp="20200110 21:24:36.655" level="INFO">Selecting options from selection list 'css=[ng-model="$parent.courseSelected"]' by label 初中数学.</msg>
<status status="PASS" starttime="20200110 21:24:36.655" endtime="20200110 21:24:36.743"></status>
</kw>
<kw name="Click Element" library="SeleniumLibrary">
<doc>Click element identified by ``locator``.</doc>
<arguments>
<arg>css=[ng-click="addEditData.addTeachCourse()"]</arg>
</arguments>
<msg timestamp="20200110 21:24:36.743" level="INFO">Clicking element 'css=[ng-click="addEditData.addTeachCourse()"]'.</msg>
<status status="PASS" starttime="20200110 21:24:36.743" endtime="20200110 21:24:36.823"></status>
</kw>
<kw name="Click Element" library="SeleniumLibrary">
<doc>Click element identified by ``locator``.</doc>
<arguments>
<arg>css=[ng-click="addOne()"]</arg>
</arguments>
<msg timestamp="20200110 21:24:36.824" level="INFO">Clicking element 'css=[ng-click="addOne()"]'.</msg>
<status status="PASS" starttime="20200110 21:24:36.823" endtime="20200110 21:24:36.885"></status>
</kw>
<kw name="Sleep" library="BuiltIn">
<doc>Pauses the test executed for the given time.</doc>
<arguments>
<arg>1</arg>
</arguments>
<msg timestamp="20200110 21:24:37.886" level="INFO">Slept 1 second</msg>
<status status="PASS" starttime="20200110 21:24:36.885" endtime="20200110 21:24:37.886"></status>
</kw>
<status status="PASS" starttime="20200110 21:24:36.145" endtime="20200110 21:24:37.886"></status>
</kw>
<kw name="checkTeacher" library="rc">
<arguments>
<arg>小陈老师</arg>
</arguments>
<kw name="Click Element" library="SeleniumLibrary">
<doc>Click element identified by ``locator``.</doc>
<arguments>
<arg>css=[ui-sref="teacher"]</arg>
</arguments>
<msg timestamp="20200110 21:24:37.887" level="INFO">Clicking element 'css=[ui-sref="teacher"]'.</msg>
<status status="PASS" starttime="20200110 21:24:37.887" endtime="20200110 21:24:37.921"></status>
</kw>
<kw name="Get WebElements" library="SeleniumLibrary">
<doc>Returns list of WebElement objects matching the ``locator``.</doc>
<arguments>
<arg>css=tbody td:nth-child(2)</arg>
</arguments>
<assign>
<var>${eles}</var>
</assign>
<msg timestamp="20200110 21:24:37.934" level="INFO">${eles} = [&lt;selenium.webdriver.remote.webelement.WebElement (session="35f91d8618a17459c719a700db1ecf53", element="52a4ae8e-f9d0-47d2-810a-510cee460c8e")&gt;]</msg>
<status status="PASS" starttime="20200110 21:24:37.921" endtime="20200110 21:24:37.934"></status>
</kw>
<kw name="Evaluate" library="BuiltIn">
<doc>Evaluates the given expression in Python and returns the results.</doc>
<arguments>
<arg>[ele.text for ele in $eles]</arg>
</arguments>
<assign>
<var>${teachers}</var>
</assign>
<msg timestamp="20200110 21:24:37.957" level="INFO">${teachers} = ['小陈老师']</msg>
<status status="PASS" starttime="20200110 21:24:37.934" endtime="20200110 21:24:37.957"></status>
</kw>
<kw name="Should Be True" library="BuiltIn">
<doc>Fails if the given condition is not true.</doc>
<arguments>
<arg>$expect in $teachers</arg>
</arguments>
<status status="PASS" starttime="20200110 21:24:37.957" endtime="20200110 21:24:37.958"></status>
</kw>
<status status="PASS" starttime="20200110 21:24:37.886" endtime="20200110 21:24:37.958"></status>
</kw>
<kw name="Run Keywords" library="BuiltIn" type="teardown">
<doc>Executes all the given keywords in a sequence.</doc>
<arguments>
<arg>deleteAllTeachers</arg>
<arg>AND deleteAllLesson</arg>
</arguments>
<kw name="deleteAllTeachers" library="rc">
<kw name="Click Element" library="SeleniumLibrary">
<doc>Click element identified by ``locator``.</doc>
<arguments>
<arg>css=[ui-sref="teacher"]</arg>
</arguments>
<msg timestamp="20200110 21:24:37.959" level="INFO">Clicking element 'css=[ui-sref="teacher"]'.</msg>
<status status="PASS" starttime="20200110 21:24:37.959" endtime="20200110 21:24:38.002"></status>
</kw>
<kw name="Set Selenium Implicit Wait" library="SeleniumLibrary">
<doc>Sets the implicit wait value used by Selenium.</doc>
<arguments>
<arg>1</arg>
</arguments>
<status status="PASS" starttime="20200110 21:24:38.003" endtime="20200110 21:24:38.004"></status>
</kw>
<kw name="${var} IN RANGE [ 9999 ]" type="for">
<kw name="${var} = 0" type="foritem">
<kw name="Get WebElements" library="SeleniumLibrary">
<doc>Returns list of WebElement objects matching the ``locator``.</doc>
<arguments>
<arg>css=[ng-click="delOne(one)"]</arg>
</arguments>
<assign>
<var>${del_btns}</var>
</assign>
<msg timestamp="20200110 21:24:38.013" level="INFO">${del_btns} = [&lt;selenium.webdriver.remote.webelement.WebElement (session="35f91d8618a17459c719a700db1ecf53", element="2741fe54-7187-4ec1-8ad0-0118098eaf5e")&gt;]</msg>
<status status="PASS" starttime="20200110 21:24:38.004" endtime="20200110 21:24:38.013"></status>
</kw>
<kw name="Exit For Loop If" library="BuiltIn">
<doc>Stops executing the enclosing for loop if the ``condition`` is true.</doc>
<arguments>
<arg>$del_btns==[]</arg>
</arguments>
<status status="PASS" starttime="20200110 21:24:38.013" endtime="20200110 21:24:38.014"></status>
</kw>
<kw name="Evaluate" library="BuiltIn">
<doc>Evaluates the given expression in Python and returns the results.</doc>
<arguments>
<arg>$del_btns[0].click()</arg>
</arguments>
<status status="PASS" starttime="20200110 21:24:38.014" endtime="20200110 21:24:38.082"></status>
</kw>
<kw name="Click Element" library="SeleniumLibrary">
<doc>Click element identified by ``locator``.</doc>
<arguments>
<arg>css=.btn-primary</arg>
</arguments>
<msg timestamp="20200110 21:24:38.083" level="INFO">Clicking element 'css=.btn-primary'.</msg>
<status status="PASS" starttime="20200110 21:24:38.083" endtime="20200110 21:24:38.328"></status>
</kw>
<kw name="Sleep" library="BuiltIn">
<doc>Pauses the test executed for the given time.</doc>
<arguments>
<arg>1</arg>
</arguments>
<msg timestamp="20200110 21:24:39.328" level="INFO">Slept 1 second</msg>
<status status="PASS" starttime="20200110 21:24:38.328" endtime="20200110 21:24:39.328"></status>
</kw>
<status status="PASS" starttime="20200110 21:24:38.004" endtime="20200110 21:24:39.328"></status>
</kw>
<kw name="${var} = 1" type="foritem">
<kw name="Get WebElements" library="SeleniumLibrary">
<doc>Returns list of WebElement objects matching the ``locator``.</doc>
<arguments>
<arg>css=[ng-click="delOne(one)"]</arg>
</arguments>
<assign>
<var>${del_btns}</var>
</assign>
<msg timestamp="20200110 21:24:40.385" level="INFO">${del_btns} = []</msg>
<status status="PASS" starttime="20200110 21:24:39.328" endtime="20200110 21:24:40.385"></status>
</kw>
<kw name="Exit For Loop If" library="BuiltIn">
<doc>Stops executing the enclosing for loop if the ``condition`` is true.</doc>
<arguments>
<arg>$del_btns==[]</arg>
</arguments>
<msg timestamp="20200110 21:24:40.386" level="INFO">Exiting for loop altogether.</msg>
<status status="PASS" starttime="20200110 21:24:40.385" endtime="20200110 21:24:40.386"></status>
</kw>
<status status="PASS" starttime="20200110 21:24:39.328" endtime="20200110 21:24:40.386"></status>
</kw>
<status status="PASS" starttime="20200110 21:24:38.004" endtime="20200110 21:24:40.386"></status>
</kw>
<kw name="Set Selenium Implicit Wait" library="SeleniumLibrary">
<doc>Sets the implicit wait value used by Selenium.</doc>
<arguments>
<arg>1</arg>
</arguments>
<status status="PASS" starttime="20200110 21:24:40.386" endtime="20200110 21:24:40.388"></status>
</kw>
<status status="PASS" starttime="20200110 21:24:37.959" endtime="20200110 21:24:40.388"></status>
</kw>
<kw name="AND deleteAllLesson" library="rc">
<kw name="Click Element" library="SeleniumLibrary">
<doc>Click element identified by ``locator``.</doc>
<arguments>
<arg>css=[ui-sref="course"]</arg>
</arguments>
<msg timestamp="20200110 21:24:40.389" level="INFO">Clicking element 'css=[ui-sref="course"]'.</msg>
<status status="PASS" starttime="20200110 21:24:40.389" endtime="20200110 21:24:40.450"></status>
</kw>
<kw name="Set Selenium Implicit Wait" library="SeleniumLibrary">
<doc>Sets the implicit wait value used by Selenium.</doc>
<arguments>
<arg>1</arg>
</arguments>
<status status="PASS" starttime="20200110 21:24:40.450" endtime="20200110 21:24:40.451"></status>
</kw>
<kw name="${var} IN RANGE [ 9999 ]" type="for">
<kw name="${var} = 0" type="foritem">
<kw name="Get WebElements" library="SeleniumLibrary">
<doc>Returns list of WebElement objects matching the ``locator``.</doc>
<arguments>
<arg>css=[ng-click="delOne(one)"]</arg>
</arguments>
<assign>
<var>${del_btns}</var>
</assign>
<msg timestamp="20200110 21:24:40.473" level="INFO">${del_btns} = [&lt;selenium.webdriver.remote.webelement.WebElement (session="35f91d8618a17459c719a700db1ecf53", element="655a4863-e363-4d61-bd5b-f3d8aba33083")&gt;, &lt;selenium.webdriver.remote.webelement.WebElement (sessi...</msg>
<status status="PASS" starttime="20200110 21:24:40.452" endtime="20200110 21:24:40.473"></status>
</kw>
<kw name="Exit For Loop If" library="BuiltIn">
<doc>Stops executing the enclosing for loop if the ``condition`` is true.</doc>
<arguments>
<arg>$del_btns==[]</arg>
</arguments>
<status status="PASS" starttime="20200110 21:24:40.473" endtime="20200110 21:24:40.474"></status>
</kw>
<kw name="Evaluate" library="BuiltIn">
<doc>Evaluates the given expression in Python and returns the results.</doc>
<arguments>
<arg>$del_btns[0].click()</arg>
</arguments>
<status status="PASS" starttime="20200110 21:24:40.474" endtime="20200110 21:24:40.537"></status>
</kw>
<kw name="Click Element" library="SeleniumLibrary">
<doc>Click element identified by ``locator``.</doc>
<arguments>
<arg>css=.btn-primary</arg>
</arguments>
<msg timestamp="20200110 21:24:40.537" level="INFO">Clicking element 'css=.btn-primary'.</msg>
<status status="PASS" starttime="20200110 21:24:40.537" endtime="20200110 21:24:40.773"></status>
</kw>
<kw name="Sleep" library="BuiltIn">
<doc>Pauses the test executed for the given time.</doc>
<arguments>
<arg>1</arg>
</arguments>
<msg timestamp="20200110 21:24:41.774" level="INFO">Slept 1 second</msg>
<status status="PASS" starttime="20200110 21:24:40.773" endtime="20200110 21:24:41.774"></status>
</kw>
<status status="PASS" starttime="20200110 21:24:40.452" endtime="20200110 21:24:41.774"></status>
</kw>
<kw name="${var} = 1" type="foritem">
<kw name="Get WebElements" library="SeleniumLibrary">
<doc>Returns list of WebElement objects matching the ``locator``.</doc>
<arguments>
<arg>css=[ng-click="delOne(one)"]</arg>
</arguments>
<assign>
<var>${del_btns}</var>
</assign>
<msg timestamp="20200110 21:24:41.784" level="INFO">${del_btns} = [&lt;selenium.webdriver.remote.webelement.WebElement (session="35f91d8618a17459c719a700db1ecf53", element="f745a7df-d141-4b6a-aa33-d47d1fffe167")&gt;]</msg>
<status status="PASS" starttime="20200110 21:24:41.774" endtime="20200110 21:24:41.784"></status>
</kw>
<kw name="Exit For Loop If" library="BuiltIn">
<doc>Stops executing the enclosing for loop if the ``condition`` is true.</doc>
<arguments>
<arg>$del_btns==[]</arg>
</arguments>
<status status="PASS" starttime="20200110 21:24:41.784" endtime="20200110 21:24:41.785"></status>
</kw>
<kw name="Evaluate" library="BuiltIn">
<doc>Evaluates the given expression in Python and returns the results.</doc>
<arguments>
<arg>$del_btns[0].click()</arg>
</arguments>
<status status="PASS" starttime="20200110 21:24:41.785" endtime="20200110 21:24:41.836"></status>
</kw>
<kw name="Click Element" library="SeleniumLibrary">
<doc>Click element identified by ``locator``.</doc>
<arguments>
<arg>css=.btn-primary</arg>
</arguments>
<msg timestamp="20200110 21:24:41.837" level="INFO">Clicking element 'css=.btn-primary'.</msg>
<status status="PASS" starttime="20200110 21:24:41.837" endtime="20200110 21:24:42.069"></status>
</kw>
<kw name="Sleep" library="BuiltIn">
<doc>Pauses the test executed for the given time.</doc>
<arguments>
<arg>1</arg>
</arguments>
<msg timestamp="20200110 21:24:43.069" level="INFO">Slept 1 second</msg>
<status status="PASS" starttime="20200110 21:24:42.069" endtime="20200110 21:24:43.069"></status>
</kw>
<status status="PASS" starttime="20200110 21:24:41.774" endtime="20200110 21:24:43.069"></status>
</kw>
<kw name="${var} = 2" type="foritem">
<kw name="Get WebElements" library="SeleniumLibrary">
<doc>Returns list of WebElement objects matching the ``locator``.</doc>
<arguments>
<arg>css=[ng-click="delOne(one)"]</arg>
</arguments>
<assign>
<var>${del_btns}</var>
</assign>
<msg timestamp="20200110 21:24:44.078" level="INFO">${del_btns} = []</msg>
<status status="PASS" starttime="20200110 21:24:43.069" endtime="20200110 21:24:44.078"></status>
</kw>
<kw name="Exit For Loop If" library="BuiltIn">
<doc>Stops executing the enclosing for loop if the ``condition`` is true.</doc>
<arguments>
<arg>$del_btns==[]</arg>
</arguments>
<msg timestamp="20200110 21:24:44.080" level="INFO">Exiting for loop altogether.</msg>
<status status="PASS" starttime="20200110 21:24:44.079" endtime="20200110 21:24:44.080"></status>
</kw>
<status status="PASS" starttime="20200110 21:24:43.069" endtime="20200110 21:24:44.080"></status>
</kw>
<status status="PASS" starttime="20200110 21:24:40.452" endtime="20200110 21:24:44.080"></status>
</kw>
<kw name="Set Selenium Implicit Wait" library="SeleniumLibrary">
<doc>Sets the implicit wait value used by Selenium.</doc>
<arguments>
<arg>1</arg>
</arguments>
<status status="PASS" starttime="20200110 21:24:44.080" endtime="20200110 21:24:44.081"></status>
</kw>
<status status="PASS" starttime="20200110 21:24:40.388" endtime="20200110 21:24:44.081"></status>
</kw>
<status status="PASS" starttime="20200110 21:24:37.959" endtime="20200110 21:24:44.081"></status>
</kw>
<status status="PASS" starttime="20200110 21:24:30.345" endtime="20200110 21:24:44.082" critical="yes"></status>
</test>
<status status="PASS" starttime="20200110 21:24:30.333" endtime="20200110 21:24:44.084"></status>
</suite>
<status status="PASS" starttime="20200110 21:24:30.329" endtime="20200110 21:24:44.089"></status>
</suite>
<status status="PASS" starttime="20200110 21:24:04.619" endtime="20200110 21:24:44.093"></status>
</suite>
<kw name="teardownWebTest" library="rc" type="teardown">
<kw name="Close Browser" library="SeleniumLibrary">
<doc>Closes the current browser.</doc>
<status status="PASS" starttime="20200110 21:24:44.097" endtime="20200110 21:24:46.272"></status>
</kw>
<status status="PASS" starttime="20200110 21:24:44.097" endtime="20200110 21:24:46.272"></status>
</kw>
<status status="PASS" starttime="20200110 21:23:58.615" endtime="20200110 21:24:46.272"></status>
</suite>
<status status="PASS" starttime="20200110 21:23:58.580" endtime="20200110 21:24:46.275"></status>
</suite>
<statistics>
<total>
<stat pass="1" fail="0">Critical Tests</stat>
<stat pass="1" fail="0">All Tests</stat>
</total>
<tag>
</tag>
<suite>
<stat pass="1" fail="0" id="s1" name="Tc">Tc</stat>
<stat pass="1" fail="0" id="s1-s1" name="Web测试">Tc.Web测试</stat>
<stat pass="1" fail="0" id="s1-s1-s1" name="管理员操作">Tc.Web测试.管理员操作</stat>
<stat pass="1" fail="0" id="s1-s1-s1-s1" name="老师管理">Tc.Web测试.管理员操作.老师管理</stat>
<stat pass="1" fail="0" id="s1-s1-s1-s1-s1" name="添加老师">Tc.Web测试.管理员操作.老师管理.添加老师</stat>
</suite>
</statistics>
<errors>
</errors>
</robot>
