<?xml version="1.0" encoding="UTF-8"?>
<robot generator="Robot 3.1.1 (Python 3.6.8 on win32)" generated="20200401 22:10:22.505" rpa="false">
<suite id="s1" name="Tmp" source="E:\tmp\lesson5\tc\tmp.robot">
<test id="s1-t1" name="case1">
<kw name="money">
<assign>
<var>${var1}</var>
</assign>
<msg timestamp="20200401 22:10:22.559" level="FAIL">No keyword with name 'money' found.</msg>
<status status="FAIL" starttime="20200401 22:10:22.559" endtime="20200401 22:10:22.559"></status>
</kw>
<status status="FAIL" starttime="20200401 22:10:22.555" endtime="20200401 22:10:22.559" critical="yes">No keyword with name 'money' found.</status>
</test>
<status status="FAIL" starttime="20200401 22:10:22.509" endtime="20200401 22:10:22.561"></status>
</suite>
<statistics>
<total>
<stat pass="0" fail="1">Critical Tests</stat>
<stat pass="0" fail="1">All Tests</stat>
</total>
<tag>
</tag>
<suite>
<stat pass="0" fail="1" id="s1" name="Tmp">Tmp</stat>
</suite>
</statistics>
<errors>
<msg timestamp="20200401 22:10:22.552" level="ERROR">Error in file 'E:\tmp\lesson5\tc\tmp.robot': Importing test library 'pylib.login.other.Child' failed: ModuleNotFoundError: No module named 'Base'
Traceback (most recent call last):
  File "E:\tmp\lesson5\pylib\login\other.py", line 3, in &lt;module&gt;
    from Base import Father
PYTHONPATH:
  E:\tmp\lesson5
  C:\Users\Administrator\AppData\Local\Programs\Python\Python36\Scripts\robot.exe
  c:\users\administrator\appdata\local\programs\python\python36\python36.zip
  c:\users\administrator\appdata\local\programs\python\python36\DLLs
  c:\users\administrator\appdata\local\programs\python\python36\lib
  c:\users\administrator\appdata\local\programs\python\python36
  c:\users\administrator\appdata\local\programs\python\python36\lib\site-packages
  c:\users\administrator\appdata\local\programs\python\python36\lib\site-packages\win32
  c:\users\administrator\appdata\local\programs\python\python36\lib\site-packages\win32\lib
  c:\users\administrator\appdata\local\programs\python\python36\lib\site-packages\Pythonwin</msg>
</errors>
</robot>
