<?xml version="1.0" encoding="UTF-8"?>
<robot generator="Robot 3.1.1 (Python 3.6.8 on win32)" generated="20200308 10:12:32.674" rpa="false">
<suite id="s1" name="T1" source="E:\tmp\lesson5\tc\t1.robot">
<test id="s1-t1" name="case1">
<kw name="Log To Console" library="BuiltIn">
<doc>Logs the given message to the console.</doc>
<arguments>
<arg>${MgrLoginUrl}</arg>
</arguments>
<status status="PASS" starttime="20200308 10:12:32.712" endtime="20200308 10:12:32.712"></status>
</kw>
<kw name="Log To Console" library="BuiltIn">
<doc>Logs the given message to the console.</doc>
<arguments>
<arg>${StudentLoginUrl}</arg>
</arguments>
<status status="PASS" starttime="20200308 10:12:32.713" endtime="20200308 10:12:32.713"></status>
</kw>
<kw name="Log To Console" library="BuiltIn">
<doc>Logs the given message to the console.</doc>
<arguments>
<arg>${database}</arg>
</arguments>
<status status="PASS" starttime="20200308 10:12:32.714" endtime="20200308 10:12:32.714"></status>
</kw>
<kw name="Log To Console" library="BuiltIn">
<doc>Logs the given message to the console.</doc>
<arguments>
<arg>${database[0]}</arg>
</arguments>
<status status="PASS" starttime="20200308 10:12:32.714" endtime="20200308 10:12:32.715"></status>
</kw>
<kw name="Log To Console" library="BuiltIn">
<doc>Logs the given message to the console.</doc>
<arguments>
<arg>@{database}[0]</arg>
</arguments>
<status status="PASS" starttime="20200308 10:12:32.716" endtime="20200308 10:12:32.718"></status>
</kw>
<kw name="Log To Console" library="BuiltIn">
<doc>Logs the given message to the console.</doc>
<arguments>
<arg>${user1}</arg>
</arguments>
<status status="PASS" starttime="20200308 10:12:32.718" endtime="20200308 10:12:32.718"></status>
</kw>
<kw name="Log To Console" library="BuiltIn">
<doc>Logs the given message to the console.</doc>
<arguments>
<arg>&amp;{user1}[name]</arg>
</arguments>
<status status="PASS" starttime="20200308 10:12:32.720" endtime="20200308 10:12:32.720"></status>
</kw>
<kw name="Log To Console" library="BuiltIn">
<doc>Logs the given message to the console.</doc>
<arguments>
<arg>${user1['name']}</arg>
</arguments>
<status status="PASS" starttime="20200308 10:12:32.721" endtime="20200308 10:12:32.721"></status>
</kw>
<status status="PASS" starttime="20200308 10:12:32.711" endtime="20200308 10:12:32.722" critical="yes"></status>
</test>
<status status="PASS" starttime="20200308 10:12:32.678" endtime="20200308 10:12:32.723"></status>
</suite>
<statistics>
<total>
<stat pass="1" fail="0">Critical Tests</stat>
<stat pass="1" fail="0">All Tests</stat>
</total>
<tag>
</tag>
<suite>
<stat pass="1" fail="0" id="s1" name="T1">T1</stat>
</suite>
</statistics>
<errors>
</errors>
</robot>
