<?xml version="1.0" encoding="UTF-8"?>
<robot generator="Robot 3.1.2 (Python 3.8.0 on win32)" generated="20200412 21:06:53.305" rpa="false">
<suite id="s1" name="Tc" source="D:\PyCharm\RF\day6\task\tc">
<suite id="s1-s1" name="Web测试" source="D:\PyCharm\RF\day6\task\tc\web测试">
<kw name="Setup Web Test" library="pylib.WebOpAdmin" type="setup">
<status status="PASS" starttime="20200412 21:06:53.382" endtime="20200412 21:06:58.462"></status>
</kw>
<suite id="s1-s1-s1" name="管理员操作" source="D:\PyCharm\RF\day6\task\tc\web测试\管理员操作">
<kw name="Login Web Site" library="pylib.WebOpAdmin" type="setup">
<status status="PASS" starttime="20200412 21:06:58.464" endtime="20200412 21:06:59.143"></status>
</kw>
<suite id="s1-s1-s1-s1" name="老师管理" source="D:\PyCharm\RF\day6\task\tc\web测试\管理员操作\老师管理">
<suite id="s1-s1-s1-s1-s1" name="添加老师" source="D:\PyCharm\RF\day6\task\tc\web测试\管理员操作\老师管理\添加老师.robot">
<test id="s1-s1-s1-s1-s1-t1" name="添加老师1">
<kw name="Run Keywords" library="BuiltIn" type="setup">
<doc>Executes all the given keywords in a sequence.</doc>
<arguments>
<arg>DeleteAllTeacher</arg>
<arg>AND</arg>
<arg>DeleteAllCourse</arg>
<arg>AND</arg>
<arg>AddCourse</arg>
<arg>初中语文</arg>
<arg>初中语文描述</arg>
<arg>1</arg>
<arg>AND</arg>
<arg>AddCourse</arg>
<arg>初中数学</arg>
<arg>初中数学</arg>
<arg>2</arg>
</arguments>
<kw name="Delete All Teacher" library="pylib.WebOpAdmin">
<status status="PASS" starttime="20200412 21:06:59.156" endtime="20200412 21:07:06.369"></status>
</kw>
<kw name="Delete All Course" library="pylib.WebOpAdmin">
<status status="PASS" starttime="20200412 21:07:06.369" endtime="20200412 21:07:10.700"></status>
</kw>
<kw name="Add Course" library="pylib.WebOpAdmin">
<arguments>
<arg>初中语文</arg>
<arg>初中语文描述</arg>
<arg>1</arg>
</arguments>
<status status="PASS" starttime="20200412 21:07:10.700" endtime="20200412 21:07:11.981"></status>
</kw>
<kw name="Add Course" library="pylib.WebOpAdmin">
<arguments>
<arg>初中数学</arg>
<arg>初中数学</arg>
<arg>2</arg>
</arguments>
<status status="PASS" starttime="20200412 21:07:11.982" endtime="20200412 21:07:13.170"></status>
</kw>
<status status="PASS" starttime="20200412 21:06:59.156" endtime="20200412 21:07:13.170"></status>
</kw>
<kw name="Add Teacher" library="pylib.WebOpAdmin">
<arguments>
<arg>庄子</arg>
<arg>zhuangzi</arg>
<arg>庄子老师</arg>
<arg>1</arg>
<arg>初中语文</arg>
</arguments>
<status status="PASS" starttime="20200412 21:07:13.172" endtime="20200412 21:07:14.583"></status>
</kw>
<kw name="Get Teacher List" library="pylib.WebOpAdmin">
<assign>
<var>${teachers}</var>
</assign>
<msg timestamp="20200412 21:07:14.624" level="INFO">${teachers} = ['庄子']</msg>
<status status="PASS" starttime="20200412 21:07:14.583" endtime="20200412 21:07:14.624"></status>
</kw>
<kw name="Should Be True" library="BuiltIn">
<doc>Fails if the given condition is not true.</doc>
<arguments>
<arg>$teachers==[u'庄子']</arg>
</arguments>
<status status="PASS" starttime="20200412 21:07:14.624" endtime="20200412 21:07:14.627"></status>
</kw>
<kw name="Add Teacher" library="pylib.WebOpAdmin">
<arguments>
<arg>孔子</arg>
<arg>kongzi</arg>
<arg>孔子老师</arg>
<arg>2</arg>
<arg>初中数学</arg>
</arguments>
<status status="PASS" starttime="20200412 21:07:14.627" endtime="20200412 21:07:15.902"></status>
</kw>
<kw name="Get Teacher List" library="pylib.WebOpAdmin">
<assign>
<var>${teachers}</var>
</assign>
<msg timestamp="20200412 21:07:15.948" level="INFO">${teachers} = ['庄子', '孔子']</msg>
<status status="PASS" starttime="20200412 21:07:15.904" endtime="20200412 21:07:15.948"></status>
</kw>
<kw name="Should Be True" library="BuiltIn">
<doc>Fails if the given condition is not true.</doc>
<arguments>
<arg>$teachers==[u'庄子',u'孔子']</arg>
</arguments>
<status status="PASS" starttime="20200412 21:07:15.949" endtime="20200412 21:07:15.949"></status>
</kw>
<kw name="Run Keywords" library="BuiltIn" type="teardown">
<doc>Executes all the given keywords in a sequence.</doc>
<arguments>
<arg>DeleteAllTeacher</arg>
<arg>AND</arg>
<arg>DeleteAllCourse</arg>
</arguments>
<kw name="Delete All Teacher" library="pylib.WebOpAdmin">
<status status="PASS" starttime="20200412 21:07:15.949" endtime="20200412 21:07:21.539"></status>
</kw>
<kw name="Delete All Course" library="pylib.WebOpAdmin">
<status status="PASS" starttime="20200412 21:07:21.539" endtime="20200412 21:07:27.094"></status>
</kw>
<status status="PASS" starttime="20200412 21:07:15.949" endtime="20200412 21:07:27.094"></status>
</kw>
<status status="PASS" starttime="20200412 21:06:59.155" endtime="20200412 21:07:27.094" critical="yes"></status>
</test>
<status status="PASS" starttime="20200412 21:06:59.146" endtime="20200412 21:07:27.095"></status>
</suite>
<status status="PASS" starttime="20200412 21:06:59.143" endtime="20200412 21:07:27.096"></status>
</suite>
<suite id="s1-s1-s1-s2" name="课程管理" source="D:\PyCharm\RF\day6\task\tc\web测试\管理员操作\课程管理">
<suite id="s1-s1-s1-s2-s1" name="添加课程" source="D:\PyCharm\RF\day6\task\tc\web测试\管理员操作\课程管理\添加课程.robot">
<test id="s1-s1-s1-s2-s1-t1" name="添加课程1">
<kw name="Delete All Course" library="pylib.WebOpAdmin" type="setup">
<status status="PASS" starttime="20200412 21:07:27.103" endtime="20200412 21:07:30.183"></status>
</kw>
<kw name="Add Course" library="pylib.WebOpAdmin">
<arguments>
<arg>初中语文</arg>
<arg>初中语文</arg>
<arg>2</arg>
</arguments>
<status status="PASS" starttime="20200412 21:07:30.186" endtime="20200412 21:07:31.413"></status>
</kw>
<kw name="Get Course List" library="pylib.WebOpAdmin">
<assign>
<var>${lessons}</var>
</assign>
<msg timestamp="20200412 21:07:31.455" level="INFO">${lessons} = ['初中语文']</msg>
<status status="PASS" starttime="20200412 21:07:31.415" endtime="20200412 21:07:31.455"></status>
</kw>
<kw name="Should Be True" library="BuiltIn">
<doc>Fails if the given condition is not true.</doc>
<arguments>
<arg>$lessons==[u'初中语文']</arg>
</arguments>
<status status="PASS" starttime="20200412 21:07:31.456" endtime="20200412 21:07:31.456"></status>
</kw>
<kw name="Add Course" library="pylib.WebOpAdmin">
<arguments>
<arg>初中数学</arg>
<arg>初中数学</arg>
<arg>1</arg>
</arguments>
<status status="PASS" starttime="20200412 21:07:31.456" endtime="20200412 21:07:32.632"></status>
</kw>
<kw name="Get Course List" library="pylib.WebOpAdmin">
<assign>
<var>${lessons}</var>
</assign>
<msg timestamp="20200412 21:07:32.679" level="INFO">${lessons} = ['初中数学', '初中语文']</msg>
<status status="PASS" starttime="20200412 21:07:32.634" endtime="20200412 21:07:32.679"></status>
</kw>
<kw name="Should Be True" library="BuiltIn">
<doc>Fails if the given condition is not true.</doc>
<arguments>
<arg>$lessons==[u'初中数学',u'初中语文']</arg>
</arguments>
<status status="PASS" starttime="20200412 21:07:32.679" endtime="20200412 21:07:32.680"></status>
</kw>
<kw name="Delete All Course" library="pylib.WebOpAdmin" type="teardown">
<status status="PASS" starttime="20200412 21:07:32.680" endtime="20200412 21:07:38.244"></status>
</kw>
<status status="PASS" starttime="20200412 21:07:27.102" endtime="20200412 21:07:38.244" critical="yes"></status>
</test>
<status status="PASS" starttime="20200412 21:07:27.099" endtime="20200412 21:07:38.246"></status>
</suite>
<status status="PASS" starttime="20200412 21:07:27.098" endtime="20200412 21:07:38.248"></status>
</suite>
<status status="PASS" starttime="20200412 21:06:58.462" endtime="20200412 21:07:38.250"></status>
</suite>
<kw name="Tear Down Web Test" library="pylib.WebOpAdmin" type="teardown">
<status status="PASS" starttime="20200412 21:07:38.251" endtime="20200412 21:07:40.325"></status>
</kw>
<status status="PASS" starttime="20200412 21:06:53.321" endtime="20200412 21:07:40.325"></status>
</suite>
<status status="PASS" starttime="20200412 21:06:53.306" endtime="20200412 21:07:40.329"></status>
</suite>
<statistics>
<total>
<stat pass="2" fail="0">Critical Tests</stat>
<stat pass="2" fail="0">All Tests</stat>
</total>
<tag>
</tag>
<suite>
<stat pass="2" fail="0" id="s1" name="Tc">Tc</stat>
<stat pass="2" fail="0" id="s1-s1" name="Web测试">Tc.Web测试</stat>
<stat pass="2" fail="0" id="s1-s1-s1" name="管理员操作">Tc.Web测试.管理员操作</stat>
<stat pass="1" fail="0" id="s1-s1-s1-s1" name="老师管理">Tc.Web测试.管理员操作.老师管理</stat>
<stat pass="1" fail="0" id="s1-s1-s1-s1-s1" name="添加老师">Tc.Web测试.管理员操作.老师管理.添加老师</stat>
<stat pass="1" fail="0" id="s1-s1-s1-s2" name="课程管理">Tc.Web测试.管理员操作.课程管理</stat>
<stat pass="1" fail="0" id="s1-s1-s1-s2-s1" name="添加课程">Tc.Web测试.管理员操作.课程管理.添加课程</stat>
</suite>
</statistics>
<errors>
</errors>
</robot>
