<?xml version="1.0" encoding="UTF-8"?>
<robot generator="Robot 3.1.1 (Python 3.6.8 on win32)" generated="20200217 21:45:52.083" rpa="false">
<suite id="s1" name="回归测试第4轮">
<suite id="s1-s1" name="管理员功能" source="E:\tmp\lesson6\webtest\管理员功能">
<suite id="s1-s1-s1" name="登录" source="E:\tmp\lesson6\webtest\管理员功能\登录.robot">
<test id="s1-s1-s1-t1" name="用例10001">
<kw name="Log To Console" library="BuiltIn">
<doc>Logs the given message to the console.</doc>
<arguments>
<arg>用例10001主体部分</arg>
</arguments>
<status status="PASS" starttime="20200217 21:45:52.133" endtime="20200217 21:45:52.133"></status>
</kw>
<kw name="Fail" library="BuiltIn">
<doc>Fails the test with the given message and optionally alters its tags.</doc>
<msg timestamp="20200217 21:45:52.134" level="FAIL">AssertionError</msg>
<status status="FAIL" starttime="20200217 21:45:52.134" endtime="20200217 21:45:52.134"></status>
</kw>
<tags>
<tag>10001</tag>
<tag>abctest</tag>
<tag>admin</tag>
<tag>smoking test</tag>
<tag>正确密码</tag>
<tag>正确用户名</tag>
<tag>登录</tag>
</tags>
<status status="FAIL" starttime="20200217 21:45:52.132" endtime="20200217 21:45:52.135" critical="yes">AssertionError</status>
</test>
<test id="s1-s1-s1-t2" name="用例10002">
<kw name="Log To Console" library="BuiltIn">
<doc>Logs the given message to the console.</doc>
<arguments>
<arg>用例10002主体部分</arg>
</arguments>
<status status="PASS" starttime="20200217 21:45:52.137" endtime="20200217 21:45:52.137"></status>
</kw>
<tags>
<tag>10002</tag>
<tag>abctest</tag>
<tag>admin</tag>
<tag>smoking test</tag>
<tag>正确密码</tag>
<tag>正确用户名</tag>
<tag>登录</tag>
</tags>
<status status="PASS" starttime="20200217 21:45:52.136" endtime="20200217 21:45:52.137" critical="yes"></status>
</test>
<test id="s1-s1-s1-t3" name="用例10003">
<kw name="Log To Console" library="BuiltIn">
<doc>Logs the given message to the console.</doc>
<arguments>
<arg>用例10003主体部分</arg>
</arguments>
<status status="PASS" starttime="20200217 21:45:52.139" endtime="20200217 21:45:52.139"></status>
</kw>
<tags>
<tag>10003</tag>
<tag>abctest</tag>
<tag>admin</tag>
<tag>smoking test</tag>
<tag>正确用户名</tag>
<tag>登录</tag>
<tag>错误密码</tag>
</tags>
<status status="PASS" starttime="20200217 21:45:52.138" endtime="20200217 21:45:52.140" critical="yes"></status>
</test>
<test id="s1-s1-s1-t4" name="用例10004">
<kw name="Log To Console" library="BuiltIn">
<doc>Logs the given message to the console.</doc>
<arguments>
<arg>用例10004主体部分</arg>
</arguments>
<status status="PASS" starttime="20200217 21:45:52.142" endtime="20200217 21:45:52.143"></status>
</kw>
<tags>
<tag>abctest</tag>
<tag>admin</tag>
<tag>notag</tag>
<tag>smoking test</tag>
<tag>登录</tag>
</tags>
<status status="PASS" starttime="20200217 21:45:52.141" endtime="20200217 21:45:52.143" critical="yes"></status>
</test>
<status status="FAIL" starttime="20200217 21:45:52.127" endtime="20200217 21:45:52.144"></status>
</suite>
<status status="FAIL" starttime="20200217 21:45:52.123" endtime="20200217 21:45:52.150"></status>
</suite>
<suite id="s1-s2" name="老师功能" source="E:\tmp\lesson6\webtest\老师功能">
<suite id="s1-s2-s1" name="登录" source="E:\tmp\lesson6\webtest\老师功能\登录.robot">
<test id="s1-s2-s1-t1" name="用例30001">
<kw name="Log To Console" library="BuiltIn">
<doc>Logs the given message to the console.</doc>
<arguments>
<arg>用例30001主体部分</arg>
</arguments>
<status status="PASS" starttime="20200217 21:45:52.164" endtime="20200217 21:45:52.164"></status>
</kw>
<tags>
<tag>teacher</tag>
<tag>冒烟测试</tag>
<tag>正确密码</tag>
<tag>正确用户名</tag>
<tag>登录</tag>
</tags>
<status status="PASS" starttime="20200217 21:45:52.162" endtime="20200217 21:45:52.165" critical="yes"></status>
</test>
<test id="s1-s2-s1-t2" name="用例30002">
<kw name="Log To Console" library="BuiltIn">
<doc>Logs the given message to the console.</doc>
<arguments>
<arg>用例30002主体部分</arg>
</arguments>
<status status="PASS" starttime="20200217 21:45:52.166" endtime="20200217 21:45:52.166"></status>
</kw>
<tags>
<tag>teacher</tag>
<tag>冒烟测试</tag>
<tag>回归测试</tag>
<tag>正确密码</tag>
<tag>正确用户名</tag>
<tag>登录</tag>
</tags>
<status status="PASS" starttime="20200217 21:45:52.165" endtime="20200217 21:45:52.168" critical="yes"></status>
</test>
<status status="PASS" starttime="20200217 21:45:52.158" endtime="20200217 21:45:52.169"></status>
</suite>
<status status="PASS" starttime="20200217 21:45:52.154" endtime="20200217 21:45:52.172"></status>
</suite>
<status status="FAIL" starttime="20200217 21:45:52.084" endtime="20200217 21:45:52.175"></status>
</suite>
<statistics>
<total>
<stat pass="5" fail="1">Critical Tests</stat>
<stat pass="5" fail="1">All Tests</stat>
</total>
<tag>
<stat pass="0" fail="1">10001</stat>
<stat pass="1" fail="0">10002</stat>
<stat pass="1" fail="0">10003</stat>
<stat pass="3" fail="1">abctest</stat>
<stat pass="3" fail="1">admin</stat>
<stat pass="1" fail="0">notag</stat>
<stat pass="3" fail="1">smoking test</stat>
<stat pass="2" fail="0">teacher</stat>
<stat pass="2" fail="0">冒烟测试</stat>
<stat pass="1" fail="0">回归测试</stat>
<stat pass="3" fail="1">正确密码</stat>
<stat pass="4" fail="1">正确用户名</stat>
<stat pass="5" fail="1">登录</stat>
<stat pass="1" fail="0">错误密码</stat>
</tag>
<suite>
<stat pass="5" fail="1" id="s1" name="回归测试第4轮">回归测试第4轮</stat>
<stat pass="3" fail="1" id="s1-s1" name="管理员功能">回归测试第4轮.管理员功能</stat>
<stat pass="3" fail="1" id="s1-s1-s1" name="登录">回归测试第4轮.管理员功能.登录</stat>
<stat pass="2" fail="0" id="s1-s2" name="老师功能">回归测试第4轮.老师功能</stat>
<stat pass="2" fail="0" id="s1-s2-s1" name="登录">回归测试第4轮.老师功能.登录</stat>
</suite>
</statistics>
<errors>
</errors>
</robot>
