<?xml version="1.0" encoding="UTF-8"?>
<robot generator="Robot 3.1.2 (Python 3.8.0 on win32)" generated="20200326 23:27:24.664" rpa="false">
<suite id="s1" name="Test1" source="D:\PyCharm\RF\day2\作业\test1.robot">
<test id="s1-t1" name="用例1">
<kw name="List Course" library="course_mgr">
<arguments>
<arg>1</arg>
<arg>20</arg>
</arguments>
<assign>
<var>${courseList}</var>
</assign>
<msg timestamp="20200326 23:27:28.911" level="INFO">${courseList} = ['初中化学15841443347941', '初中化学15841462425068']</msg>
<status status="PASS" starttime="20200326 23:27:26.897" endtime="20200326 23:27:28.911"></status>
</kw>
<kw name="${ele} IN [ @{courseList} ]" type="for">
<kw name="${ele} = 初中化学15841443347941" type="foritem">
<kw name="Log To Console" library="BuiltIn">
<doc>Logs the given message to the console.</doc>
<arguments>
<arg>${ele}</arg>
</arguments>
<status status="PASS" starttime="20200326 23:27:28.912" endtime="20200326 23:27:28.912"></status>
</kw>
<status status="PASS" starttime="20200326 23:27:28.912" endtime="20200326 23:27:28.912"></status>
</kw>
<kw name="${ele} = 初中化学15841462425068" type="foritem">
<kw name="Log To Console" library="BuiltIn">
<doc>Logs the given message to the console.</doc>
<arguments>
<arg>${ele}</arg>
</arguments>
<status status="PASS" starttime="20200326 23:27:28.912" endtime="20200326 23:27:28.913"></status>
</kw>
<status status="PASS" starttime="20200326 23:27:28.912" endtime="20200326 23:27:28.913"></status>
</kw>
<status status="PASS" starttime="20200326 23:27:28.912" endtime="20200326 23:27:28.913"></status>
</kw>
<kw name="Create List" library="BuiltIn">
<doc>Returns a list containing given items.</doc>
<arguments>
<arg>初中化学15841443347941</arg>
<arg>初中化学15841462425068</arg>
</arguments>
<assign>
<var>${expected}</var>
</assign>
<msg timestamp="20200326 23:27:28.913" level="INFO">${expected} = ['初中化学15841443347941', '初中化学15841462425068']</msg>
<status status="PASS" starttime="20200326 23:27:28.913" endtime="20200326 23:27:28.913"></status>
</kw>
<kw name="Lists Should Be Equal" library="Collections">
<doc>Fails if given lists are unequal.</doc>
<arguments>
<arg>${courseList}</arg>
<arg>${expected}</arg>
</arguments>
<status status="PASS" starttime="20200326 23:27:28.913" endtime="20200326 23:27:28.913"></status>
</kw>
<status status="PASS" starttime="20200326 23:27:26.896" endtime="20200326 23:27:28.914" critical="yes"></status>
</test>
<status status="PASS" starttime="20200326 23:27:24.666" endtime="20200326 23:27:28.914"></status>
</suite>
<statistics>
<total>
<stat pass="1" fail="0">Critical Tests</stat>
<stat pass="1" fail="0">All Tests</stat>
</total>
<tag>
</tag>
<suite>
<stat pass="1" fail="0" id="s1" name="Test1">Test1</stat>
</suite>
</statistics>
<errors>
</errors>
</robot>
